{"/Users/sze/Desktop/repos/check_cal_app/src/lib/analytics.ts": {"path":"/Users/sze/Desktop/repos/check_cal_app/src/lib/analytics.ts","all":false,"statementMap":{"15":{"start":{"line":16,"column":0},"end":{"line":16,"column":32}},"16":{"start":{"line":17,"column":0},"end":{"line":17,"column":18}},"17":{"start":{"line":18,"column":0},"end":{"line":18,"column":22}},"18":{"start":{"line":19,"column":0},"end":{"line":19,"column":83}},"19":{"start":{"line":20,"column":0},"end":{"line":20,"column":19}},"20":{"start":{"line":21,"column":0},"end":{"line":21,"column":55}},"22":{"start":{"line":23,"column":0},"end":{"line":23,"column":32}},"23":{"start":{"line":24,"column":0},"end":{"line":24,"column":87}},"24":{"start":{"line":25,"column":0},"end":{"line":25,"column":3}},"26":{"start":{"line":27,"column":0},"end":{"line":27,"column":33}},"27":{"start":{"line":28,"column":0},"end":{"line":28,"column":71}},"28":{"start":{"line":29,"column":0},"end":{"line":29,"column":3}},"30":{"start":{"line":31,"column":0},"end":{"line":31,"column":41}},"31":{"start":{"line":32,"column":0},"end":{"line":32,"column":67}},"32":{"start":{"line":33,"column":0},"end":{"line":33,"column":3}},"34":{"start":{"line":35,"column":0},"end":{"line":35,"column":36}},"35":{"start":{"line":36,"column":0},"end":{"line":36,"column":31}},"36":{"start":{"line":37,"column":0},"end":{"line":37,"column":88}},"37":{"start":{"line":38,"column":0},"end":{"line":38,"column":84}},"38":{"start":{"line":39,"column":0},"end":{"line":39,"column":80}},"40":{"start":{"line":41,"column":0},"end":{"line":41,"column":68}},"41":{"start":{"line":42,"column":0},"end":{"line":42,"column":51}},"42":{"start":{"line":43,"column":0},"end":{"line":43,"column":62}},"43":{"start":{"line":44,"column":0},"end":{"line":44,"column":49}},"44":{"start":{"line":45,"column":0},"end":{"line":45,"column":56}},"45":{"start":{"line":46,"column":0},"end":{"line":46,"column":47}},"46":{"start":{"line":47,"column":0},"end":{"line":47,"column":3}},"48":{"start":{"line":49,"column":0},"end":{"line":49,"column":91}},"49":{"start":{"line":50,"column":0},"end":{"line":50,"column":1}}},"s":{"15":1,"16":15,"17":15,"18":15,"19":15,"20":15,"22":15,"23":2,"24":2,"26":13,"27":13,"28":13,"30":13,"31":13,"32":13,"34":13,"35":15,"36":8,"37":8,"38":8,"40":8,"41":8,"42":8,"43":8,"44":8,"45":8,"46":8,"48":13,"49":13},"branchMap":{"0":{"type":"branch","line":16,"loc":{"start":{"line":16,"column":7},"end":{"line":50,"column":1}},"locations":[{"start":{"line":16,"column":7},"end":{"line":50,"column":1}}]},"1":{"type":"branch","line":23,"loc":{"start":{"line":23,"column":31},"end":{"line":25,"column":3}},"locations":[{"start":{"line":23,"column":31},"end":{"line":25,"column":3}}]},"2":{"type":"branch","line":25,"loc":{"start":{"line":25,"column":2},"end":{"line":36,"column":30}},"locations":[{"start":{"line":25,"column":2},"end":{"line":36,"column":30}}]},"3":{"type":"branch","line":36,"loc":{"start":{"line":36,"column":30},"end":{"line":47,"column":3}},"locations":[{"start":{"line":36,"column":30},"end":{"line":47,"column":3}}]},"4":{"type":"branch","line":41,"loc":{"start":{"line":41,"column":19},"end":{"line":41,"column":68}},"locations":[{"start":{"line":41,"column":19},"end":{"line":41,"column":68}}]},"5":{"type":"branch","line":42,"loc":{"start":{"line":42,"column":6},"end":{"line":42,"column":51}},"locations":[{"start":{"line":42,"column":6},"end":{"line":42,"column":51}}]},"6":{"type":"branch","line":43,"loc":{"start":{"line":43,"column":19},"end":{"line":43,"column":62}},"locations":[{"start":{"line":43,"column":19},"end":{"line":43,"column":62}}]},"7":{"type":"branch","line":44,"loc":{"start":{"line":44,"column":6},"end":{"line":44,"column":49}},"locations":[{"start":{"line":44,"column":6},"end":{"line":44,"column":49}}]},"8":{"type":"branch","line":45,"loc":{"start":{"line":45,"column":19},"end":{"line":45,"column":56}},"locations":[{"start":{"line":45,"column":19},"end":{"line":45,"column":56}}]},"9":{"type":"branch","line":46,"loc":{"start":{"line":46,"column":6},"end":{"line":46,"column":47}},"locations":[{"start":{"line":46,"column":6},"end":{"line":46,"column":47}}]},"10":{"type":"branch","line":47,"loc":{"start":{"line":47,"column":2},"end":{"line":50,"column":1}},"locations":[{"start":{"line":47,"column":2},"end":{"line":50,"column":1}}]},"11":{"type":"branch","line":21,"loc":{"start":{"line":21,"column":33},"end":{"line":21,"column":54}},"locations":[{"start":{"line":21,"column":33},"end":{"line":21,"column":54}}]},"12":{"type":"branch","line":28,"loc":{"start":{"line":28,"column":22},"end":{"line":28,"column":48}},"locations":[{"start":{"line":28,"column":22},"end":{"line":28,"column":48}}]},"13":{"type":"branch","line":32,"loc":{"start":{"line":32,"column":22},"end":{"line":32,"column":64}},"locations":[{"start":{"line":32,"column":22},"end":{"line":32,"column":64}}]},"14":{"type":"branch","line":37,"loc":{"start":{"line":37,"column":41},"end":{"line":37,"column":66}},"locations":[{"start":{"line":37,"column":41},"end":{"line":37,"column":66}}]},"15":{"type":"branch","line":38,"loc":{"start":{"line":38,"column":39},"end":{"line":38,"column":62}},"locations":[{"start":{"line":38,"column":39},"end":{"line":38,"column":62}}]},"16":{"type":"branch","line":39,"loc":{"start":{"line":39,"column":37},"end":{"line":39,"column":58}},"locations":[{"start":{"line":39,"column":37},"end":{"line":39,"column":58}}]}},"b":{"0":[15],"1":[2],"2":[13],"3":[8],"4":[4],"5":[3],"6":[3],"7":[2],"8":[3],"9":[2],"10":[13],"11":[37],"12":[34],"13":[34],"14":[24],"15":[24],"16":[24]},"fnMap":{"0":{"name":"computeInsights","decl":{"start":{"line":16,"column":7},"end":{"line":50,"column":1}},"loc":{"start":{"line":16,"column":7},"end":{"line":50,"column":1}},"line":16}},"f":{"0":15}}
,"/Users/sze/Desktop/repos/check_cal_app/src/lib/format.ts": {"path":"/Users/sze/Desktop/repos/check_cal_app/src/lib/format.ts","all":false,"statementMap":{"0":{"start":{"line":1,"column":0},"end":{"line":1,"column":53}},"1":{"start":{"line":2,"column":0},"end":{"line":2,"column":46}},"2":{"start":{"line":3,"column":0},"end":{"line":3,"column":61}},"3":{"start":{"line":4,"column":0},"end":{"line":4,"column":26}},"4":{"start":{"line":5,"column":0},"end":{"line":5,"column":70}},"5":{"start":{"line":6,"column":0},"end":{"line":6,"column":35}},"6":{"start":{"line":7,"column":0},"end":{"line":7,"column":44}},"7":{"start":{"line":8,"column":0},"end":{"line":8,"column":78}},"9":{"start":{"line":10,"column":0},"end":{"line":10,"column":42}},"10":{"start":{"line":11,"column":0},"end":{"line":11,"column":50}},"11":{"start":{"line":12,"column":0},"end":{"line":12,"column":89}},"12":{"start":{"line":13,"column":0},"end":{"line":13,"column":1}},"14":{"start":{"line":15,"column":0},"end":{"line":15,"column":55}},"15":{"start":{"line":16,"column":0},"end":{"line":16,"column":22}},"16":{"start":{"line":17,"column":0},"end":{"line":17,"column":86}},"17":{"start":{"line":18,"column":0},"end":{"line":18,"column":1}},"19":{"start":{"line":20,"column":0},"end":{"line":20,"column":59}},"20":{"start":{"line":21,"column":0},"end":{"line":21,"column":22}},"21":{"start":{"line":22,"column":0},"end":{"line":22,"column":44}},"22":{"start":{"line":23,"column":0},"end":{"line":23,"column":21}},"23":{"start":{"line":24,"column":0},"end":{"line":24,"column":19}},"24":{"start":{"line":25,"column":0},"end":{"line":25,"column":19}},"25":{"start":{"line":26,"column":0},"end":{"line":26,"column":20}},"26":{"start":{"line":27,"column":0},"end":{"line":27,"column":22}},"27":{"start":{"line":28,"column":0},"end":{"line":28,"column":4}},"28":{"start":{"line":29,"column":0},"end":{"line":29,"column":1}}},"s":{"0":1,"1":3,"2":3,"3":3,"4":3,"5":3,"6":3,"7":3,"9":3,"10":3,"11":1,"12":1,"14":1,"15":2,"16":1,"17":1,"19":1,"20":2,"21":1,"22":1,"23":1,"24":1,"25":1,"26":1,"27":1,"28":1},"branchMap":{"0":{"type":"branch","line":1,"loc":{"start":{"line":1,"column":7},"end":{"line":13,"column":1}},"locations":[{"start":{"line":1,"column":7},"end":{"line":13,"column":1}}]},"1":{"type":"branch","line":10,"loc":{"start":{"line":10,"column":28},"end":{"line":10,"column":42}},"locations":[{"start":{"line":10,"column":28},"end":{"line":10,"column":42}}]},"2":{"type":"branch","line":10,"loc":{"start":{"line":10,"column":35},"end":{"line":11,"column":39}},"locations":[{"start":{"line":10,"column":35},"end":{"line":11,"column":39}}]},"3":{"type":"branch","line":11,"loc":{"start":{"line":11,"column":32},"end":{"line":13,"column":1}},"locations":[{"start":{"line":11,"column":32},"end":{"line":13,"column":1}}]},"4":{"type":"branch","line":15,"loc":{"start":{"line":15,"column":7},"end":{"line":18,"column":1}},"locations":[{"start":{"line":15,"column":7},"end":{"line":18,"column":1}}]},"5":{"type":"branch","line":16,"loc":{"start":{"line":16,"column":13},"end":{"line":18,"column":1}},"locations":[{"start":{"line":16,"column":13},"end":{"line":18,"column":1}}]},"6":{"type":"branch","line":20,"loc":{"start":{"line":20,"column":7},"end":{"line":29,"column":1}},"locations":[{"start":{"line":20,"column":7},"end":{"line":29,"column":1}}]},"7":{"type":"branch","line":21,"loc":{"start":{"line":21,"column":13},"end":{"line":29,"column":1}},"locations":[{"start":{"line":21,"column":13},"end":{"line":29,"column":1}}]}},"b":{"0":[3],"1":[1],"2":[2],"3":[1],"4":[2],"5":[1],"6":[2],"7":[1]},"fnMap":{"0":{"name":"formatDate","decl":{"start":{"line":1,"column":7},"end":{"line":13,"column":1}},"loc":{"start":{"line":1,"column":7},"end":{"line":13,"column":1}},"line":1},"1":{"name":"formatTime","decl":{"start":{"line":15,"column":7},"end":{"line":18,"column":1}},"loc":{"start":{"line":15,"column":7},"end":{"line":18,"column":1}},"line":15},"2":{"name":"formatDateTime","decl":{"start":{"line":20,"column":7},"end":{"line":29,"column":1}},"loc":{"start":{"line":20,"column":7},"end":{"line":29,"column":1}},"line":20}},"f":{"0":3,"1":2,"2":2}}
,"/Users/sze/Desktop/repos/check_cal_app/src/lib/meal-prefetch-cache.ts": {"path":"/Users/sze/Desktop/repos/check_cal_app/src/lib/meal-prefetch-cache.ts","all":true,"statementMap":{"0":{"start":{"line":1,"column":0},"end":{"line":1,"column":52}},"2":{"start":{"line":3,"column":0},"end":{"line":3,"column":48}},"3":{"start":{"line":4,"column":0},"end":{"line":4,"column":63}},"7":{"start":{"line":8,"column":0},"end":{"line":8,"column":43}},"8":{"start":{"line":9,"column":0},"end":{"line":9,"column":76}},"10":{"start":{"line":11,"column":0},"end":{"line":11,"column":31}},"11":{"start":{"line":12,"column":0},"end":{"line":12,"column":24}},"12":{"start":{"line":13,"column":0},"end":{"line":13,"column":36}},"13":{"start":{"line":14,"column":0},"end":{"line":14,"column":53}},"14":{"start":{"line":15,"column":0},"end":{"line":15,"column":3}},"15":{"start":{"line":16,"column":0},"end":{"line":16,"column":1}},"17":{"start":{"line":18,"column":0},"end":{"line":18,"column":30}},"19":{"start":{"line":20,"column":0},"end":{"line":20,"column":44}},"20":{"start":{"line":21,"column":0},"end":{"line":21,"column":38}},"21":{"start":{"line":22,"column":0},"end":{"line":22,"column":1}},"24":{"start":{"line":25,"column":0},"end":{"line":25,"column":63}},"25":{"start":{"line":26,"column":0},"end":{"line":26,"column":36}},"26":{"start":{"line":27,"column":0},"end":{"line":27,"column":53}},"27":{"start":{"line":28,"column":0},"end":{"line":28,"column":1}},"30":{"start":{"line":31,"column":0},"end":{"line":31,"column":44}},"31":{"start":{"line":32,"column":0},"end":{"line":32,"column":15}},"32":{"start":{"line":33,"column":0},"end":{"line":33,"column":18}},"33":{"start":{"line":34,"column":0},"end":{"line":34,"column":38}},"34":{"start":{"line":35,"column":0},"end":{"line":35,"column":34}},"35":{"start":{"line":36,"column":0},"end":{"line":36,"column":31}},"36":{"start":{"line":37,"column":0},"end":{"line":37,"column":3}},"37":{"start":{"line":38,"column":0},"end":{"line":38,"column":1}},"39":{"start":{"line":40,"column":0},"end":{"line":40,"column":53}},"40":{"start":{"line":41,"column":0},"end":{"line":41,"column":33}},"41":{"start":{"line":42,"column":0},"end":{"line":42,"column":25}},"42":{"start":{"line":43,"column":0},"end":{"line":43,"column":43}},"43":{"start":{"line":44,"column":0},"end":{"line":44,"column":24}},"44":{"start":{"line":45,"column":0},"end":{"line":45,"column":15}},"45":{"start":{"line":46,"column":0},"end":{"line":46,"column":3}},"46":{"start":{"line":47,"column":0},"end":{"line":47,"column":19}},"47":{"start":{"line":48,"column":0},"end":{"line":48,"column":1}},"49":{"start":{"line":50,"column":0},"end":{"line":50,"column":58}},"50":{"start":{"line":51,"column":0},"end":{"line":51,"column":41}},"51":{"start":{"line":52,"column":0},"end":{"line":52,"column":34}},"53":{"start":{"line":54,"column":0},"end":{"line":54,"column":22}},"54":{"start":{"line":55,"column":0},"end":{"line":55,"column":39}},"55":{"start":{"line":56,"column":0},"end":{"line":56,"column":21}},"56":{"start":{"line":57,"column":0},"end":{"line":57,"column":20}},"57":{"start":{"line":58,"column":0},"end":{"line":58,"column":47}},"58":{"start":{"line":59,"column":0},"end":{"line":59,"column":56}},"59":{"start":{"line":60,"column":0},"end":{"line":60,"column":6}},"60":{"start":{"line":61,"column":0},"end":{"line":61,"column":39}},"61":{"start":{"line":62,"column":0},"end":{"line":62,"column":43}},"62":{"start":{"line":63,"column":0},"end":{"line":63,"column":1}}},"s":{"0":0,"2":0,"3":0,"7":0,"8":0,"10":0,"11":0,"12":0,"13":0,"14":0,"15":0,"17":0,"19":0,"20":0,"21":0,"24":0,"25":0,"26":0,"27":0,"30":0,"31":0,"32":0,"33":0,"34":0,"35":0,"36":0,"37":0,"39":0,"40":0,"41":0,"42":0,"43":0,"44":0,"45":0,"46":0,"47":0,"49":0,"50":0,"51":0,"53":0,"54":0,"55":0,"56":0,"57":0,"58":0,"59":0,"60":0,"61":0,"62":0},"branchMap":{"0":{"type":"branch","line":1,"loc":{"start":{"line":1,"column":1880},"end":{"line":63,"column":1}},"locations":[{"start":{"line":1,"column":1880},"end":{"line":63,"column":1}}]}},"b":{"0":[0]},"fnMap":{"0":{"name":"(empty-report)","decl":{"start":{"line":1,"column":1880},"end":{"line":63,"column":1}},"loc":{"start":{"line":1,"column":1880},"end":{"line":63,"column":1}},"line":1}},"f":{"0":0}}
,"/Users/sze/Desktop/repos/check_cal_app/src/lib/nutrition.ts": {"path":"/Users/sze/Desktop/repos/check_cal_app/src/lib/nutrition.ts","all":false,"statementMap":{"2":{"start":{"line":3,"column":0},"end":{"line":3,"column":79}},"3":{"start":{"line":4,"column":0},"end":{"line":4,"column":36}},"4":{"start":{"line":5,"column":0},"end":{"line":5,"column":38}},"5":{"start":{"line":6,"column":0},"end":{"line":6,"column":1}},"8":{"start":{"line":9,"column":0},"end":{"line":9,"column":47}},"9":{"start":{"line":10,"column":0},"end":{"line":10,"column":32}},"10":{"start":{"line":11,"column":0},"end":{"line":11,"column":1}},"12":{"start":{"line":13,"column":0},"end":{"line":13,"column":105}},"13":{"start":{"line":14,"column":0},"end":{"line":14,"column":62}},"14":{"start":{"line":15,"column":0},"end":{"line":15,"column":26}},"15":{"start":{"line":16,"column":0},"end":{"line":16,"column":47}},"16":{"start":{"line":17,"column":0},"end":{"line":17,"column":45}},"17":{"start":{"line":18,"column":0},"end":{"line":18,"column":41}},"18":{"start":{"line":19,"column":0},"end":{"line":19,"column":37}},"19":{"start":{"line":20,"column":0},"end":{"line":20,"column":41}},"20":{"start":{"line":21,"column":0},"end":{"line":21,"column":3}},"21":{"start":{"line":22,"column":0},"end":{"line":22,"column":49}},"22":{"start":{"line":23,"column":0},"end":{"line":23,"column":1}}},"s":{"2":1,"3":63,"4":63,"5":63,"8":1,"9":5,"10":5,"12":1,"13":8,"14":8,"15":11,"16":11,"17":11,"18":11,"19":11,"20":11,"21":8,"22":8},"branchMap":{"0":{"type":"branch","line":3,"loc":{"start":{"line":3,"column":7},"end":{"line":6,"column":1}},"locations":[{"start":{"line":3,"column":7},"end":{"line":6,"column":1}}]},"1":{"type":"branch","line":4,"loc":{"start":{"line":4,"column":23},"end":{"line":4,"column":35}},"locations":[{"start":{"line":4,"column":23},"end":{"line":4,"column":35}}]},"2":{"type":"branch","line":5,"loc":{"start":{"line":5,"column":19},"end":{"line":5,"column":33}},"locations":[{"start":{"line":5,"column":19},"end":{"line":5,"column":33}}]},"3":{"type":"branch","line":5,"loc":{"start":{"line":5,"column":29},"end":{"line":5,"column":37}},"locations":[{"start":{"line":5,"column":29},"end":{"line":5,"column":37}}]},"4":{"type":"branch","line":5,"loc":{"start":{"line":5,"column":33},"end":{"line":5,"column":38}},"locations":[{"start":{"line":5,"column":33},"end":{"line":5,"column":38}}]},"5":{"type":"branch","line":9,"loc":{"start":{"line":9,"column":7},"end":{"line":11,"column":1}},"locations":[{"start":{"line":9,"column":7},"end":{"line":11,"column":1}}]},"6":{"type":"branch","line":13,"loc":{"start":{"line":13,"column":7},"end":{"line":23,"column":1}},"locations":[{"start":{"line":13,"column":7},"end":{"line":23,"column":1}}]},"7":{"type":"branch","line":15,"loc":{"start":{"line":15,"column":25},"end":{"line":21,"column":3}},"locations":[{"start":{"line":15,"column":25},"end":{"line":21,"column":3}}]}},"b":{"0":[63],"1":[22],"2":[60],"3":[59],"4":[4],"5":[5],"6":[8],"7":[11]},"fnMap":{"0":{"name":"parseNutritionValue","decl":{"start":{"line":3,"column":7},"end":{"line":6,"column":1}},"loc":{"start":{"line":3,"column":7},"end":{"line":6,"column":1}},"line":3},"1":{"name":"roundMacro","decl":{"start":{"line":9,"column":7},"end":{"line":11,"column":1}},"loc":{"start":{"line":9,"column":7},"end":{"line":11,"column":1}},"line":9},"2":{"name":"calcTotals","decl":{"start":{"line":13,"column":7},"end":{"line":23,"column":1}},"loc":{"start":{"line":13,"column":7},"end":{"line":23,"column":1}},"line":13}},"f":{"0":63,"1":5,"2":8}}
,"/Users/sze/Desktop/repos/check_cal_app/src/lib/recent-foods.ts": {"path":"/Users/sze/Desktop/repos/check_cal_app/src/lib/recent-foods.ts","all":false,"statementMap":{"0":{"start":{"line":1,"column":0},"end":{"line":1,"column":44}},"3":{"start":{"line":4,"column":0},"end":{"line":4,"column":34}},"4":{"start":{"line":5,"column":0},"end":{"line":5,"column":20}},"17":{"start":{"line":18,"column":0},"end":{"line":18,"column":41}},"19":{"start":{"line":20,"column":0},"end":{"line":20,"column":49}},"20":{"start":{"line":21,"column":0},"end":{"line":21,"column":21}},"21":{"start":{"line":22,"column":0},"end":{"line":22,"column":37}},"22":{"start":{"line":23,"column":0},"end":{"line":23,"column":1}},"24":{"start":{"line":25,"column":0},"end":{"line":25,"column":30}},"25":{"start":{"line":26,"column":0},"end":{"line":26,"column":35}},"26":{"start":{"line":27,"column":0},"end":{"line":27,"column":1}},"32":{"start":{"line":33,"column":0},"end":{"line":33,"column":53}},"33":{"start":{"line":34,"column":0},"end":{"line":34,"column":35}},"35":{"start":{"line":36,"column":0},"end":{"line":36,"column":48}},"36":{"start":{"line":37,"column":0},"end":{"line":37,"column":7}},"37":{"start":{"line":38,"column":0},"end":{"line":38,"column":49}},"38":{"start":{"line":39,"column":0},"end":{"line":39,"column":47}},"39":{"start":{"line":40,"column":0},"end":{"line":40,"column":20}},"40":{"start":{"line":41,"column":0},"end":{"line":41,"column":63}},"41":{"start":{"line":42,"column":0},"end":{"line":42,"column":23}},"42":{"start":{"line":43,"column":0},"end":{"line":43,"column":11}},"43":{"start":{"line":44,"column":0},"end":{"line":44,"column":23}},"44":{"start":{"line":45,"column":0},"end":{"line":45,"column":3}},"45":{"start":{"line":46,"column":0},"end":{"line":46,"column":1}},"47":{"start":{"line":48,"column":0},"end":{"line":48,"column":62}},"48":{"start":{"line":49,"column":0},"end":{"line":49,"column":7}},"49":{"start":{"line":50,"column":0},"end":{"line":50,"column":37}},"50":{"start":{"line":51,"column":0},"end":{"line":51,"column":26}},"53":{"start":{"line":54,"column":0},"end":{"line":54,"column":45}},"54":{"start":{"line":55,"column":0},"end":{"line":55,"column":31}},"55":{"start":{"line":56,"column":0},"end":{"line":56,"column":38}},"56":{"start":{"line":57,"column":0},"end":{"line":57,"column":5}},"57":{"start":{"line":58,"column":0},"end":{"line":58,"column":28}},"58":{"start":{"line":59,"column":0},"end":{"line":59,"column":34}},"59":{"start":{"line":60,"column":0},"end":{"line":60,"column":37}},"60":{"start":{"line":61,"column":0},"end":{"line":61,"column":21}},"61":{"start":{"line":62,"column":0},"end":{"line":62,"column":55}},"62":{"start":{"line":63,"column":0},"end":{"line":63,"column":29}},"63":{"start":{"line":64,"column":0},"end":{"line":64,"column":32}},"64":{"start":{"line":65,"column":0},"end":{"line":65,"column":28}},"65":{"start":{"line":66,"column":0},"end":{"line":66,"column":24}},"66":{"start":{"line":67,"column":0},"end":{"line":67,"column":28}},"67":{"start":{"line":68,"column":0},"end":{"line":68,"column":22}},"68":{"start":{"line":69,"column":0},"end":{"line":69,"column":8}},"69":{"start":{"line":70,"column":0},"end":{"line":70,"column":5}},"72":{"start":{"line":73,"column":0},"end":{"line":73,"column":43}},"73":{"start":{"line":74,"column":0},"end":{"line":74,"column":46}},"74":{"start":{"line":75,"column":0},"end":{"line":75,"column":26}},"76":{"start":{"line":77,"column":0},"end":{"line":77,"column":61}},"77":{"start":{"line":78,"column":0},"end":{"line":78,"column":23}},"78":{"start":{"line":79,"column":0},"end":{"line":79,"column":11}},"80":{"start":{"line":81,"column":0},"end":{"line":81,"column":3}},"81":{"start":{"line":82,"column":0},"end":{"line":82,"column":1}},"83":{"start":{"line":84,"column":0},"end":{"line":84,"column":54}},"84":{"start":{"line":85,"column":0},"end":{"line":85,"column":7}},"85":{"start":{"line":86,"column":0},"end":{"line":86,"column":42}},"86":{"start":{"line":87,"column":0},"end":{"line":87,"column":57}},"87":{"start":{"line":88,"column":0},"end":{"line":88,"column":5}},"88":{"start":{"line":89,"column":0},"end":{"line":89,"column":60}},"89":{"start":{"line":90,"column":0},"end":{"line":90,"column":23}},"90":{"start":{"line":91,"column":0},"end":{"line":91,"column":26}},"91":{"start":{"line":92,"column":0},"end":{"line":92,"column":1}},"93":{"start":{"line":94,"column":0},"end":{"line":94,"column":42}},"94":{"start":{"line":95,"column":0},"end":{"line":95,"column":7}},"95":{"start":{"line":96,"column":0},"end":{"line":96,"column":40}},"96":{"start":{"line":97,"column":0},"end":{"line":97,"column":23}},"97":{"start":{"line":98,"column":0},"end":{"line":98,"column":26}},"98":{"start":{"line":99,"column":0},"end":{"line":99,"column":1}},"102":{"start":{"line":103,"column":0},"end":{"line":103,"column":48}},"103":{"start":{"line":104,"column":0},"end":{"line":104,"column":95}},"104":{"start":{"line":105,"column":0},"end":{"line":105,"column":1}},"106":{"start":{"line":107,"column":0},"end":{"line":107,"column":67}},"107":{"start":{"line":108,"column":0},"end":{"line":108,"column":10}},"108":{"start":{"line":109,"column":0},"end":{"line":109,"column":28}},"109":{"start":{"line":110,"column":0},"end":{"line":110,"column":17}},"110":{"start":{"line":111,"column":0},"end":{"line":111,"column":45}},"111":{"start":{"line":112,"column":0},"end":{"line":112,"column":25}},"112":{"start":{"line":113,"column":0},"end":{"line":113,"column":23}},"113":{"start":{"line":114,"column":0},"end":{"line":114,"column":19}},"114":{"start":{"line":115,"column":0},"end":{"line":115,"column":15}},"115":{"start":{"line":116,"column":0},"end":{"line":116,"column":19}},"116":{"start":{"line":117,"column":0},"end":{"line":117,"column":3}},"117":{"start":{"line":118,"column":0},"end":{"line":118,"column":1}}},"s":{"0":1,"3":1,"4":1,"17":1,"19":0,"20":0,"21":0,"22":0,"24":13,"25":13,"26":13,"32":1,"33":1,"35":1,"36":19,"37":19,"38":19,"39":10,"40":19,"41":19,"42":19,"43":3,"44":3,"45":19,"47":1,"48":11,"49":11,"50":11,"53":11,"54":11,"55":4,"56":4,"57":11,"58":27,"59":26,"60":26,"61":27,"62":27,"63":27,"64":27,"65":27,"66":27,"67":27,"68":27,"69":27,"72":11,"73":11,"74":11,"76":11,"77":11,"78":11,"80":1,"81":11,"83":1,"84":3,"85":3,"86":3,"87":3,"88":3,"89":3,"90":3,"91":3,"93":1,"94":2,"95":2,"96":2,"97":2,"98":2,"102":1,"103":0,"104":0,"106":1,"107":2,"108":2,"109":2,"110":2,"111":2,"112":2,"113":2,"114":2,"115":2,"116":2,"117":2},"branchMap":{"0":{"type":"branch","line":25,"loc":{"start":{"line":25,"column":0},"end":{"line":27,"column":1}},"locations":[{"start":{"line":25,"column":0},"end":{"line":27,"column":1}}]},"1":{"type":"branch","line":36,"loc":{"start":{"line":36,"column":7},"end":{"line":46,"column":1}},"locations":[{"start":{"line":36,"column":7},"end":{"line":46,"column":1}}]},"2":{"type":"branch","line":39,"loc":{"start":{"line":39,"column":28},"end":{"line":39,"column":47}},"locations":[{"start":{"line":39,"column":28},"end":{"line":39,"column":47}}]},"3":{"type":"branch","line":39,"loc":{"start":{"line":39,"column":35},"end":{"line":41,"column":26}},"locations":[{"start":{"line":39,"column":35},"end":{"line":41,"column":26}}]},"4":{"type":"branch","line":41,"loc":{"start":{"line":41,"column":19},"end":{"line":41,"column":61}},"locations":[{"start":{"line":41,"column":19},"end":{"line":41,"column":61}}]},"5":{"type":"branch","line":41,"loc":{"start":{"line":41,"column":40},"end":{"line":41,"column":63}},"locations":[{"start":{"line":41,"column":40},"end":{"line":41,"column":63}}]},"6":{"type":"branch","line":43,"loc":{"start":{"line":43,"column":2},"end":{"line":45,"column":3}},"locations":[{"start":{"line":43,"column":2},"end":{"line":45,"column":3}}]},"7":{"type":"branch","line":48,"loc":{"start":{"line":48,"column":7},"end":{"line":82,"column":1}},"locations":[{"start":{"line":48,"column":7},"end":{"line":82,"column":1}}]},"8":{"type":"branch","line":55,"loc":{"start":{"line":55,"column":30},"end":{"line":57,"column":5}},"locations":[{"start":{"line":55,"column":30},"end":{"line":57,"column":5}}]},"9":{"type":"branch","line":58,"loc":{"start":{"line":58,"column":27},"end":{"line":70,"column":5}},"locations":[{"start":{"line":58,"column":27},"end":{"line":70,"column":5}}]},"10":{"type":"branch","line":59,"loc":{"start":{"line":59,"column":26},"end":{"line":59,"column":34}},"locations":[{"start":{"line":59,"column":26},"end":{"line":59,"column":34}}]},"11":{"type":"branch","line":59,"loc":{"start":{"line":59,"column":26},"end":{"line":62,"column":52}},"locations":[{"start":{"line":59,"column":26},"end":{"line":62,"column":52}}]},"12":{"type":"branch","line":62,"loc":{"start":{"line":62,"column":30},"end":{"line":62,"column":55}},"locations":[{"start":{"line":62,"column":30},"end":{"line":62,"column":55}}]},"13":{"type":"branch","line":64,"loc":{"start":{"line":64,"column":19},"end":{"line":64,"column":32}},"locations":[{"start":{"line":64,"column":19},"end":{"line":64,"column":32}}]},"14":{"type":"branch","line":65,"loc":{"start":{"line":65,"column":17},"end":{"line":65,"column":28}},"locations":[{"start":{"line":65,"column":17},"end":{"line":65,"column":28}}]},"15":{"type":"branch","line":66,"loc":{"start":{"line":66,"column":15},"end":{"line":66,"column":24}},"locations":[{"start":{"line":66,"column":15},"end":{"line":66,"column":24}}]},"16":{"type":"branch","line":67,"loc":{"start":{"line":67,"column":17},"end":{"line":67,"column":28}},"locations":[{"start":{"line":67,"column":17},"end":{"line":67,"column":28}}]},"17":{"type":"branch","line":79,"loc":{"start":{"line":79,"column":2},"end":{"line":81,"column":3}},"locations":[{"start":{"line":79,"column":2},"end":{"line":81,"column":3}}]},"18":{"type":"branch","line":74,"loc":{"start":{"line":74,"column":12},"end":{"line":74,"column":45}},"locations":[{"start":{"line":74,"column":12},"end":{"line":74,"column":45}}]},"19":{"type":"branch","line":84,"loc":{"start":{"line":84,"column":7},"end":{"line":92,"column":1}},"locations":[{"start":{"line":84,"column":7},"end":{"line":92,"column":1}}]},"20":{"type":"branch","line":91,"loc":{"start":{"line":91,"column":2},"end":{"line":91,"column":26}},"locations":[{"start":{"line":91,"column":2},"end":{"line":91,"column":26}}]},"21":{"type":"branch","line":87,"loc":{"start":{"line":87,"column":6},"end":{"line":87,"column":57}},"locations":[{"start":{"line":87,"column":6},"end":{"line":87,"column":57}}]},"22":{"type":"branch","line":94,"loc":{"start":{"line":94,"column":7},"end":{"line":99,"column":1}},"locations":[{"start":{"line":94,"column":7},"end":{"line":99,"column":1}}]},"23":{"type":"branch","line":98,"loc":{"start":{"line":98,"column":2},"end":{"line":98,"column":26}},"locations":[{"start":{"line":98,"column":2},"end":{"line":98,"column":26}}]},"24":{"type":"branch","line":107,"loc":{"start":{"line":107,"column":7},"end":{"line":118,"column":1}},"locations":[{"start":{"line":107,"column":7},"end":{"line":118,"column":1}}]}},"b":{"0":[13],"1":[19],"2":[6],"3":[10],"4":[5],"5":[5],"6":[3],"7":[11],"8":[4],"9":[27],"10":[1],"11":[26],"12":[0],"13":[0],"14":[0],"15":[0],"16":[0],"17":[1],"18":[20],"19":[3],"20":[1],"21":[4],"22":[2],"23":[1],"24":[2]},"fnMap":{"0":{"name":"subscribeToRecentFoods","decl":{"start":{"line":20,"column":0},"end":{"line":23,"column":1}},"loc":{"start":{"line":20,"column":0},"end":{"line":23,"column":1}},"line":20},"1":{"name":"notifySubscribers","decl":{"start":{"line":25,"column":0},"end":{"line":27,"column":1}},"loc":{"start":{"line":25,"column":0},"end":{"line":27,"column":1}},"line":25},"2":{"name":"getRecentFoods","decl":{"start":{"line":36,"column":7},"end":{"line":46,"column":1}},"loc":{"start":{"line":36,"column":7},"end":{"line":46,"column":1}},"line":36},"3":{"name":"saveRecentFoods","decl":{"start":{"line":48,"column":7},"end":{"line":82,"column":1}},"loc":{"start":{"line":48,"column":7},"end":{"line":82,"column":1}},"line":48},"4":{"name":"removeRecentFood","decl":{"start":{"line":84,"column":7},"end":{"line":92,"column":1}},"loc":{"start":{"line":84,"column":7},"end":{"line":92,"column":1}},"line":84},"5":{"name":"clearRecentFoods","decl":{"start":{"line":94,"column":7},"end":{"line":99,"column":1}},"loc":{"start":{"line":94,"column":7},"end":{"line":99,"column":1}},"line":94},"6":{"name":"useRecentFoods","decl":{"start":{"line":103,"column":7},"end":{"line":105,"column":1}},"loc":{"start":{"line":103,"column":7},"end":{"line":105,"column":1}},"line":103},"7":{"name":"recentFoodToAnalyzed","decl":{"start":{"line":107,"column":7},"end":{"line":118,"column":1}},"loc":{"start":{"line":107,"column":7},"end":{"line":118,"column":1}},"line":107}},"f":{"0":0,"1":13,"2":19,"3":11,"4":3,"5":2,"6":0,"7":2}}
,"/Users/sze/Desktop/repos/check_cal_app/src/lib/timezone.ts": {"path":"/Users/sze/Desktop/repos/check_cal_app/src/lib/timezone.ts","all":false,"statementMap":{"7":{"start":{"line":8,"column":0},"end":{"line":8,"column":79}},"9":{"start":{"line":10,"column":0},"end":{"line":10,"column":45}},"11":{"start":{"line":12,"column":0},"end":{"line":12,"column":54}},"12":{"start":{"line":13,"column":0},"end":{"line":13,"column":13}},"13":{"start":{"line":14,"column":0},"end":{"line":14,"column":20}},"14":{"start":{"line":15,"column":0},"end":{"line":15,"column":21}},"15":{"start":{"line":16,"column":0},"end":{"line":16,"column":19}},"16":{"start":{"line":17,"column":0},"end":{"line":17,"column":20}},"17":{"start":{"line":18,"column":0},"end":{"line":18,"column":22}},"18":{"start":{"line":19,"column":0},"end":{"line":19,"column":22}},"19":{"start":{"line":20,"column":0},"end":{"line":20,"column":18}},"20":{"start":{"line":21,"column":0},"end":{"line":21,"column":30}},"21":{"start":{"line":22,"column":0},"end":{"line":22,"column":4}},"23":{"start":{"line":24,"column":0},"end":{"line":24,"column":46}},"24":{"start":{"line":25,"column":0},"end":{"line":25,"column":47}},"25":{"start":{"line":26,"column":0},"end":{"line":26,"column":80}},"26":{"start":{"line":27,"column":0},"end":{"line":27,"column":26}},"27":{"start":{"line":28,"column":0},"end":{"line":28,"column":128}},"28":{"start":{"line":29,"column":0},"end":{"line":29,"column":3}},"30":{"start":{"line":31,"column":0},"end":{"line":31,"column":54}},"32":{"start":{"line":33,"column":0},"end":{"line":33,"column":45}},"33":{"start":{"line":34,"column":0},"end":{"line":34,"column":1}}},"s":{"7":1,"9":18,"11":18,"12":18,"13":18,"14":18,"15":18,"16":18,"17":18,"18":18,"19":18,"20":18,"21":18,"23":18,"24":18,"25":18,"26":18,"27":18,"28":18,"30":18,"32":18,"33":18},"branchMap":{"0":{"type":"branch","line":8,"loc":{"start":{"line":8,"column":7},"end":{"line":34,"column":1}},"locations":[{"start":{"line":8,"column":7},"end":{"line":34,"column":1}}]},"1":{"type":"branch","line":26,"loc":{"start":{"line":26,"column":14},"end":{"line":26,"column":80}},"locations":[{"start":{"line":26,"column":14},"end":{"line":26,"column":80}}]},"2":{"type":"branch","line":26,"loc":{"start":{"line":26,"column":68},"end":{"line":26,"column":80}},"locations":[{"start":{"line":26,"column":68},"end":{"line":26,"column":80}}]},"3":{"type":"branch","line":26,"loc":{"start":{"line":26,"column":43},"end":{"line":26,"column":65}},"locations":[{"start":{"line":26,"column":43},"end":{"line":26,"column":65}}]}},"b":{"0":[18],"1":[126],"2":[0],"3":[882]},"fnMap":{"0":{"name":"localDateToUTC","decl":{"start":{"line":8,"column":7},"end":{"line":34,"column":1}},"loc":{"start":{"line":8,"column":7},"end":{"line":34,"column":1}},"line":8},"1":{"name":"get","decl":{"start":{"line":26,"column":14},"end":{"line":26,"column":80}},"loc":{"start":{"line":26,"column":14},"end":{"line":26,"column":80}},"line":26}},"f":{"0":18,"1":126}}
,"/Users/sze/Desktop/repos/check_cal_app/src/lib/utils.ts": {"path":"/Users/sze/Desktop/repos/check_cal_app/src/lib/utils.ts","all":false,"statementMap":{"1":{"start":{"line":2,"column":0},"end":{"line":2,"column":27}},"2":{"start":{"line":3,"column":0},"end":{"line":3,"column":40}},"4":{"start":{"line":5,"column":0},"end":{"line":5,"column":45}},"5":{"start":{"line":6,"column":0},"end":{"line":6,"column":30}},"6":{"start":{"line":7,"column":0},"end":{"line":7,"column":1}}},"s":{"1":1,"2":1,"4":1,"5":5,"6":5},"branchMap":{"0":{"type":"branch","line":5,"loc":{"start":{"line":5,"column":7},"end":{"line":7,"column":1}},"locations":[{"start":{"line":5,"column":7},"end":{"line":7,"column":1}}]}},"b":{"0":[5]},"fnMap":{"0":{"name":"cn","decl":{"start":{"line":5,"column":7},"end":{"line":7,"column":1}},"loc":{"start":{"line":5,"column":7},"end":{"line":7,"column":1}},"line":5}},"f":{"0":5}}
,"/Users/sze/Desktop/repos/check_cal_app/src/lib/server/meals.ts": {"path":"/Users/sze/Desktop/repos/check_cal_app/src/lib/server/meals.ts","all":false,"statementMap":{"0":{"start":{"line":1,"column":0},"end":{"line":1,"column":54}},"1":{"start":{"line":2,"column":0},"end":{"line":2,"column":57}},"2":{"start":{"line":3,"column":0},"end":{"line":3,"column":46}},"3":{"start":{"line":4,"column":0},"end":{"line":4,"column":58}},"4":{"start":{"line":5,"column":0},"end":{"line":5,"column":56}},"5":{"start":{"line":6,"column":0},"end":{"line":6,"column":28}},"6":{"start":{"line":7,"column":0},"end":{"line":7,"column":23}},"7":{"start":{"line":8,"column":0},"end":{"line":8,"column":25}},"8":{"start":{"line":9,"column":0},"end":{"line":9,"column":46}},"9":{"start":{"line":10,"column":0},"end":{"line":10,"column":44}},"10":{"start":{"line":11,"column":0},"end":{"line":11,"column":49}},"11":{"start":{"line":12,"column":0},"end":{"line":12,"column":45}},"12":{"start":{"line":13,"column":0},"end":{"line":13,"column":84}},"14":{"start":{"line":15,"column":0},"end":{"line":15,"column":49}},"15":{"start":{"line":16,"column":0},"end":{"line":16,"column":91}},"16":{"start":{"line":17,"column":0},"end":{"line":17,"column":89}},"17":{"start":{"line":18,"column":0},"end":{"line":18,"column":1}},"19":{"start":{"line":20,"column":0},"end":{"line":20,"column":47}},"21":{"start":{"line":22,"column":0},"end":{"line":22,"column":65}},"22":{"start":{"line":23,"column":0},"end":{"line":23,"column":75}},"25":{"start":{"line":26,"column":0},"end":{"line":26,"column":37}},"26":{"start":{"line":27,"column":0},"end":{"line":27,"column":28}},"27":{"start":{"line":28,"column":0},"end":{"line":28,"column":19}},"28":{"start":{"line":29,"column":0},"end":{"line":29,"column":45}},"29":{"start":{"line":30,"column":0},"end":{"line":30,"column":23}},"30":{"start":{"line":31,"column":0},"end":{"line":31,"column":33}},"31":{"start":{"line":32,"column":0},"end":{"line":32,"column":31}},"32":{"start":{"line":33,"column":0},"end":{"line":33,"column":29}},"33":{"start":{"line":34,"column":0},"end":{"line":34,"column":31}},"34":{"start":{"line":35,"column":0},"end":{"line":35,"column":2}},"36":{"start":{"line":37,"column":0},"end":{"line":37,"column":60}},"38":{"start":{"line":39,"column":0},"end":{"line":39,"column":38}},"39":{"start":{"line":40,"column":0},"end":{"line":40,"column":37}},"40":{"start":{"line":41,"column":0},"end":{"line":41,"column":2}},"42":{"start":{"line":43,"column":0},"end":{"line":43,"column":36}},"43":{"start":{"line":44,"column":0},"end":{"line":44,"column":27}},"44":{"start":{"line":45,"column":0},"end":{"line":45,"column":47}},"45":{"start":{"line":46,"column":0},"end":{"line":46,"column":44}},"46":{"start":{"line":47,"column":0},"end":{"line":47,"column":2}},"48":{"start":{"line":49,"column":0},"end":{"line":49,"column":72}},"49":{"start":{"line":50,"column":0},"end":{"line":50,"column":67}},"50":{"start":{"line":51,"column":0},"end":{"line":51,"column":32}},"51":{"start":{"line":52,"column":0},"end":{"line":52,"column":38}},"52":{"start":{"line":53,"column":0},"end":{"line":53,"column":49}},"54":{"start":{"line":55,"column":0},"end":{"line":55,"column":9}},"55":{"start":{"line":56,"column":0},"end":{"line":56,"column":59}},"56":{"start":{"line":57,"column":0},"end":{"line":57,"column":19}},"57":{"start":{"line":58,"column":0},"end":{"line":58,"column":45}},"58":{"start":{"line":59,"column":0},"end":{"line":59,"column":5}},"60":{"start":{"line":61,"column":0},"end":{"line":61,"column":9}},"61":{"start":{"line":62,"column":0},"end":{"line":62,"column":56}},"80":{"start":{"line":81,"column":0},"end":{"line":81,"column":37}},"81":{"start":{"line":82,"column":0},"end":{"line":82,"column":57}},"82":{"start":{"line":83,"column":0},"end":{"line":83,"column":39}},"84":{"start":{"line":85,"column":0},"end":{"line":85,"column":78}},"85":{"start":{"line":86,"column":0},"end":{"line":86,"column":19}},"86":{"start":{"line":87,"column":0},"end":{"line":87,"column":25}},"87":{"start":{"line":88,"column":0},"end":{"line":88,"column":18}},"88":{"start":{"line":89,"column":0},"end":{"line":89,"column":8}},"89":{"start":{"line":90,"column":0},"end":{"line":90,"column":44}},"90":{"start":{"line":91,"column":0},"end":{"line":91,"column":66}},"92":{"start":{"line":93,"column":0},"end":{"line":93,"column":70}},"93":{"start":{"line":94,"column":0},"end":{"line":94,"column":78}},"94":{"start":{"line":95,"column":0},"end":{"line":95,"column":34}},"95":{"start":{"line":96,"column":0},"end":{"line":96,"column":13}},"96":{"start":{"line":97,"column":0},"end":{"line":97,"column":57}},"97":{"start":{"line":98,"column":0},"end":{"line":98,"column":5}},"98":{"start":{"line":99,"column":0},"end":{"line":99,"column":4}},"100":{"start":{"line":101,"column":0},"end":{"line":101,"column":65}},"101":{"start":{"line":102,"column":0},"end":{"line":102,"column":69}},"102":{"start":{"line":103,"column":0},"end":{"line":103,"column":32}},"103":{"start":{"line":104,"column":0},"end":{"line":104,"column":38}},"104":{"start":{"line":105,"column":0},"end":{"line":105,"column":49}},"106":{"start":{"line":107,"column":0},"end":{"line":107,"column":9}},"107":{"start":{"line":108,"column":0},"end":{"line":108,"column":55}},"108":{"start":{"line":109,"column":0},"end":{"line":109,"column":19}},"109":{"start":{"line":110,"column":0},"end":{"line":110,"column":74}},"110":{"start":{"line":111,"column":0},"end":{"line":111,"column":5}},"112":{"start":{"line":113,"column":0},"end":{"line":113,"column":27}},"114":{"start":{"line":115,"column":0},"end":{"line":115,"column":9}},"115":{"start":{"line":116,"column":0},"end":{"line":116,"column":154}},"142":{"start":{"line":143,"column":0},"end":{"line":143,"column":24}},"144":{"start":{"line":145,"column":0},"end":{"line":145,"column":82}},"145":{"start":{"line":146,"column":0},"end":{"line":146,"column":19}},"146":{"start":{"line":147,"column":0},"end":{"line":147,"column":25}},"147":{"start":{"line":148,"column":0},"end":{"line":148,"column":18}},"148":{"start":{"line":149,"column":0},"end":{"line":149,"column":8}},"149":{"start":{"line":150,"column":0},"end":{"line":150,"column":44}},"150":{"start":{"line":151,"column":0},"end":{"line":151,"column":66}},"152":{"start":{"line":153,"column":0},"end":{"line":153,"column":22}},"153":{"start":{"line":154,"column":0},"end":{"line":154,"column":11}},"154":{"start":{"line":155,"column":0},"end":{"line":155,"column":33}},"155":{"start":{"line":156,"column":0},"end":{"line":156,"column":15}},"156":{"start":{"line":157,"column":0},"end":{"line":157,"column":91}},"157":{"start":{"line":158,"column":0},"end":{"line":158,"column":7}},"160":{"start":{"line":161,"column":0},"end":{"line":161,"column":123}},"161":{"start":{"line":162,"column":0},"end":{"line":162,"column":131}},"162":{"start":{"line":163,"column":0},"end":{"line":163,"column":7}},"164":{"start":{"line":165,"column":0},"end":{"line":165,"column":60}},"165":{"start":{"line":166,"column":0},"end":{"line":166,"column":56}},"166":{"start":{"line":167,"column":0},"end":{"line":167,"column":153}},"167":{"start":{"line":168,"column":0},"end":{"line":168,"column":7}},"169":{"start":{"line":170,"column":0},"end":{"line":170,"column":35}},"170":{"start":{"line":171,"column":0},"end":{"line":171,"column":13}},"171":{"start":{"line":172,"column":0},"end":{"line":172,"column":108}},"172":{"start":{"line":173,"column":0},"end":{"line":173,"column":5}},"173":{"start":{"line":174,"column":0},"end":{"line":174,"column":4}},"175":{"start":{"line":176,"column":0},"end":{"line":176,"column":37}},"176":{"start":{"line":177,"column":0},"end":{"line":177,"column":40}},"177":{"start":{"line":178,"column":0},"end":{"line":178,"column":62}},"178":{"start":{"line":179,"column":0},"end":{"line":179,"column":2}},"180":{"start":{"line":181,"column":0},"end":{"line":181,"column":64}},"181":{"start":{"line":182,"column":0},"end":{"line":182,"column":68}},"182":{"start":{"line":183,"column":0},"end":{"line":183,"column":32}},"183":{"start":{"line":184,"column":0},"end":{"line":184,"column":38}},"184":{"start":{"line":185,"column":0},"end":{"line":185,"column":49}},"186":{"start":{"line":187,"column":0},"end":{"line":187,"column":9}},"187":{"start":{"line":188,"column":0},"end":{"line":188,"column":55}},"188":{"start":{"line":189,"column":0},"end":{"line":189,"column":19}},"189":{"start":{"line":190,"column":0},"end":{"line":190,"column":74}},"190":{"start":{"line":191,"column":0},"end":{"line":191,"column":5}},"192":{"start":{"line":193,"column":0},"end":{"line":193,"column":42}},"194":{"start":{"line":195,"column":0},"end":{"line":195,"column":9}},"195":{"start":{"line":196,"column":0},"end":{"line":196,"column":138}},"214":{"start":{"line":215,"column":0},"end":{"line":215,"column":71}},"215":{"start":{"line":216,"column":0},"end":{"line":216,"column":95}},"216":{"start":{"line":217,"column":0},"end":{"line":217,"column":19}},"217":{"start":{"line":218,"column":0},"end":{"line":218,"column":25}},"218":{"start":{"line":219,"column":0},"end":{"line":219,"column":18}},"219":{"start":{"line":220,"column":0},"end":{"line":220,"column":8}},"220":{"start":{"line":221,"column":0},"end":{"line":221,"column":44}},"221":{"start":{"line":222,"column":0},"end":{"line":222,"column":66}},"223":{"start":{"line":224,"column":0},"end":{"line":224,"column":22}},"224":{"start":{"line":225,"column":0},"end":{"line":225,"column":11}},"225":{"start":{"line":226,"column":0},"end":{"line":226,"column":33}},"226":{"start":{"line":227,"column":0},"end":{"line":227,"column":15}},"227":{"start":{"line":228,"column":0},"end":{"line":228,"column":91}},"228":{"start":{"line":229,"column":0},"end":{"line":229,"column":7}},"230":{"start":{"line":231,"column":0},"end":{"line":231,"column":60}},"231":{"start":{"line":232,"column":0},"end":{"line":232,"column":56}},"232":{"start":{"line":233,"column":0},"end":{"line":233,"column":92}},"233":{"start":{"line":234,"column":0},"end":{"line":234,"column":7}},"235":{"start":{"line":236,"column":0},"end":{"line":236,"column":35}},"236":{"start":{"line":237,"column":0},"end":{"line":237,"column":19}},"237":{"start":{"line":238,"column":0},"end":{"line":238,"column":70}},"238":{"start":{"line":239,"column":0},"end":{"line":239,"column":62}},"239":{"start":{"line":240,"column":0},"end":{"line":240,"column":90}},"240":{"start":{"line":241,"column":0},"end":{"line":241,"column":5}},"241":{"start":{"line":242,"column":0},"end":{"line":242,"column":4}},"243":{"start":{"line":244,"column":0},"end":{"line":244,"column":59}},"245":{"start":{"line":246,"column":0},"end":{"line":246,"column":33}},"246":{"start":{"line":247,"column":0},"end":{"line":247,"column":58}},"247":{"start":{"line":248,"column":0},"end":{"line":248,"column":17}},"248":{"start":{"line":249,"column":0},"end":{"line":249,"column":14}},"249":{"start":{"line":250,"column":0},"end":{"line":250,"column":39}},"250":{"start":{"line":251,"column":0},"end":{"line":251,"column":57}},"251":{"start":{"line":252,"column":0},"end":{"line":252,"column":34}},"252":{"start":{"line":253,"column":0},"end":{"line":253,"column":44}},"253":{"start":{"line":254,"column":0},"end":{"line":254,"column":42}},"254":{"start":{"line":255,"column":0},"end":{"line":255,"column":40}},"255":{"start":{"line":256,"column":0},"end":{"line":256,"column":42}},"256":{"start":{"line":257,"column":0},"end":{"line":257,"column":7}},"257":{"start":{"line":258,"column":0},"end":{"line":258,"column":19}},"258":{"start":{"line":259,"column":0},"end":{"line":259,"column":34}},"259":{"start":{"line":260,"column":0},"end":{"line":260,"column":40}},"260":{"start":{"line":261,"column":0},"end":{"line":261,"column":40}},"261":{"start":{"line":262,"column":0},"end":{"line":262,"column":2}},"263":{"start":{"line":264,"column":0},"end":{"line":264,"column":60}},"264":{"start":{"line":265,"column":0},"end":{"line":265,"column":64}},"265":{"start":{"line":266,"column":0},"end":{"line":266,"column":32}},"266":{"start":{"line":267,"column":0},"end":{"line":267,"column":38}},"267":{"start":{"line":268,"column":0},"end":{"line":268,"column":49}},"269":{"start":{"line":270,"column":0},"end":{"line":270,"column":73}},"271":{"start":{"line":272,"column":0},"end":{"line":272,"column":55}},"272":{"start":{"line":273,"column":0},"end":{"line":273,"column":29}},"273":{"start":{"line":274,"column":0},"end":{"line":274,"column":22}},"274":{"start":{"line":275,"column":0},"end":{"line":275,"column":17}},"275":{"start":{"line":276,"column":0},"end":{"line":276,"column":34}},"276":{"start":{"line":277,"column":0},"end":{"line":277,"column":35}},"277":{"start":{"line":278,"column":0},"end":{"line":278,"column":19}},"278":{"start":{"line":279,"column":0},"end":{"line":279,"column":42}},"279":{"start":{"line":280,"column":0},"end":{"line":280,"column":36}},"280":{"start":{"line":281,"column":0},"end":{"line":281,"column":10}},"281":{"start":{"line":282,"column":0},"end":{"line":282,"column":36}},"283":{"start":{"line":284,"column":0},"end":{"line":284,"column":57}},"285":{"start":{"line":286,"column":0},"end":{"line":286,"column":40}},"286":{"start":{"line":287,"column":0},"end":{"line":287,"column":35}},"287":{"start":{"line":288,"column":0},"end":{"line":288,"column":26}},"288":{"start":{"line":289,"column":0},"end":{"line":289,"column":26}},"289":{"start":{"line":290,"column":0},"end":{"line":290,"column":62}},"290":{"start":{"line":291,"column":0},"end":{"line":291,"column":45}},"291":{"start":{"line":292,"column":0},"end":{"line":292,"column":52}},"292":{"start":{"line":293,"column":0},"end":{"line":293,"column":48}},"293":{"start":{"line":294,"column":0},"end":{"line":294,"column":44}},"294":{"start":{"line":295,"column":0},"end":{"line":295,"column":48}},"295":{"start":{"line":296,"column":0},"end":{"line":296,"column":12}},"296":{"start":{"line":297,"column":0},"end":{"line":297,"column":7}},"298":{"start":{"line":299,"column":0},"end":{"line":299,"column":20}},"299":{"start":{"line":300,"column":0},"end":{"line":300,"column":6}},"301":{"start":{"line":302,"column":0},"end":{"line":302,"column":21}},"302":{"start":{"line":303,"column":0},"end":{"line":303,"column":4}},"304":{"start":{"line":305,"column":0},"end":{"line":305,"column":39}},"305":{"start":{"line":306,"column":0},"end":{"line":306,"column":30}},"306":{"start":{"line":307,"column":0},"end":{"line":307,"column":34}},"307":{"start":{"line":308,"column":0},"end":{"line":308,"column":2}},"309":{"start":{"line":310,"column":0},"end":{"line":310,"column":65}},"310":{"start":{"line":311,"column":0},"end":{"line":311,"column":70}},"311":{"start":{"line":312,"column":0},"end":{"line":312,"column":32}},"312":{"start":{"line":313,"column":0},"end":{"line":313,"column":38}},"313":{"start":{"line":314,"column":0},"end":{"line":314,"column":49}},"316":{"start":{"line":317,"column":0},"end":{"line":317,"column":26}},"317":{"start":{"line":318,"column":0},"end":{"line":318,"column":14}},"318":{"start":{"line":319,"column":0},"end":{"line":319,"column":11}},"319":{"start":{"line":320,"column":0},"end":{"line":320,"column":32}},"320":{"start":{"line":321,"column":0},"end":{"line":321,"column":60}},"321":{"start":{"line":322,"column":0},"end":{"line":322,"column":102}},"322":{"start":{"line":323,"column":0},"end":{"line":323,"column":64}},"323":{"start":{"line":324,"column":0},"end":{"line":324,"column":68}},"324":{"start":{"line":325,"column":0},"end":{"line":325,"column":5}},"325":{"start":{"line":326,"column":0},"end":{"line":326,"column":66}},"327":{"start":{"line":328,"column":0},"end":{"line":328,"column":19}},"328":{"start":{"line":329,"column":0},"end":{"line":329,"column":18}},"329":{"start":{"line":330,"column":0},"end":{"line":330,"column":89}},"332":{"start":{"line":333,"column":0},"end":{"line":333,"column":63}},"333":{"start":{"line":334,"column":0},"end":{"line":334,"column":65}},"335":{"start":{"line":336,"column":0},"end":{"line":336,"column":52}},"336":{"start":{"line":337,"column":0},"end":{"line":337,"column":17}},"337":{"start":{"line":338,"column":0},"end":{"line":338,"column":42}},"338":{"start":{"line":339,"column":0},"end":{"line":339,"column":39}},"339":{"start":{"line":340,"column":0},"end":{"line":340,"column":36}},"340":{"start":{"line":341,"column":0},"end":{"line":341,"column":8}},"341":{"start":{"line":342,"column":0},"end":{"line":342,"column":13}},"342":{"start":{"line":343,"column":0},"end":{"line":343,"column":24}},"343":{"start":{"line":344,"column":0},"end":{"line":344,"column":8}},"344":{"start":{"line":345,"column":0},"end":{"line":345,"column":59}},"345":{"start":{"line":346,"column":0},"end":{"line":346,"column":16}},"346":{"start":{"line":347,"column":0},"end":{"line":347,"column":6}},"348":{"start":{"line":349,"column":0},"end":{"line":349,"column":54}},"349":{"start":{"line":350,"column":0},"end":{"line":350,"column":14}},"350":{"start":{"line":351,"column":0},"end":{"line":351,"column":23}},"351":{"start":{"line":352,"column":0},"end":{"line":352,"column":36}},"352":{"start":{"line":353,"column":0},"end":{"line":353,"column":7}},"353":{"start":{"line":354,"column":0},"end":{"line":354,"column":4}},"355":{"start":{"line":356,"column":0},"end":{"line":356,"column":38}},"356":{"start":{"line":357,"column":0},"end":{"line":357,"column":38}},"357":{"start":{"line":358,"column":0},"end":{"line":358,"column":38}},"358":{"start":{"line":359,"column":0},"end":{"line":359,"column":34}},"359":{"start":{"line":360,"column":0},"end":{"line":360,"column":2}},"361":{"start":{"line":362,"column":0},"end":{"line":362,"column":64}},"362":{"start":{"line":363,"column":0},"end":{"line":363,"column":69}},"363":{"start":{"line":364,"column":0},"end":{"line":364,"column":32}},"364":{"start":{"line":365,"column":0},"end":{"line":365,"column":38}},"365":{"start":{"line":366,"column":0},"end":{"line":366,"column":49}},"367":{"start":{"line":368,"column":0},"end":{"line":368,"column":37}},"368":{"start":{"line":369,"column":0},"end":{"line":369,"column":70}},"369":{"start":{"line":370,"column":0},"end":{"line":370,"column":70}},"371":{"start":{"line":372,"column":0},"end":{"line":372,"column":52}},"372":{"start":{"line":373,"column":0},"end":{"line":373,"column":17}},"373":{"start":{"line":374,"column":0},"end":{"line":374,"column":42}},"374":{"start":{"line":375,"column":0},"end":{"line":375,"column":39}},"375":{"start":{"line":376,"column":0},"end":{"line":376,"column":36}},"376":{"start":{"line":377,"column":0},"end":{"line":377,"column":8}},"377":{"start":{"line":378,"column":0},"end":{"line":378,"column":32}},"378":{"start":{"line":379,"column":0},"end":{"line":379,"column":59}},"379":{"start":{"line":380,"column":0},"end":{"line":380,"column":17}},"380":{"start":{"line":381,"column":0},"end":{"line":381,"column":6}},"382":{"start":{"line":383,"column":0},"end":{"line":383,"column":54}},"383":{"start":{"line":384,"column":0},"end":{"line":384,"column":14}},"384":{"start":{"line":385,"column":0},"end":{"line":385,"column":23}},"385":{"start":{"line":386,"column":0},"end":{"line":386,"column":36}},"386":{"start":{"line":387,"column":0},"end":{"line":387,"column":7}},"387":{"start":{"line":388,"column":0},"end":{"line":388,"column":4}},"389":{"start":{"line":390,"column":0},"end":{"line":390,"column":38}},"390":{"start":{"line":391,"column":0},"end":{"line":391,"column":28}},"391":{"start":{"line":392,"column":0},"end":{"line":392,"column":2}},"393":{"start":{"line":394,"column":0},"end":{"line":394,"column":64}},"394":{"start":{"line":395,"column":0},"end":{"line":395,"column":69}},"395":{"start":{"line":396,"column":0},"end":{"line":396,"column":32}},"396":{"start":{"line":397,"column":0},"end":{"line":397,"column":38}},"397":{"start":{"line":398,"column":0},"end":{"line":398,"column":49}},"399":{"start":{"line":400,"column":0},"end":{"line":400,"column":49}},"400":{"start":{"line":401,"column":0},"end":{"line":401,"column":79}},"401":{"start":{"line":402,"column":0},"end":{"line":402,"column":32}},"402":{"start":{"line":403,"column":0},"end":{"line":403,"column":6}},"404":{"start":{"line":405,"column":0},"end":{"line":405,"column":48}},"406":{"start":{"line":407,"column":0},"end":{"line":407,"column":43}},"407":{"start":{"line":408,"column":0},"end":{"line":408,"column":12}},"408":{"start":{"line":409,"column":0},"end":{"line":409,"column":18}},"409":{"start":{"line":410,"column":0},"end":{"line":410,"column":23}},"410":{"start":{"line":411,"column":0},"end":{"line":411,"column":36}},"411":{"start":{"line":412,"column":0},"end":{"line":412,"column":5}},"412":{"start":{"line":413,"column":0},"end":{"line":413,"column":4}},"414":{"start":{"line":415,"column":0},"end":{"line":415,"column":35}},"415":{"start":{"line":416,"column":0},"end":{"line":416,"column":28}},"416":{"start":{"line":417,"column":0},"end":{"line":417,"column":40}},"417":{"start":{"line":418,"column":0},"end":{"line":418,"column":17}},"418":{"start":{"line":419,"column":0},"end":{"line":419,"column":14}},"419":{"start":{"line":420,"column":0},"end":{"line":420,"column":39}},"420":{"start":{"line":421,"column":0},"end":{"line":421,"column":57}},"421":{"start":{"line":422,"column":0},"end":{"line":422,"column":34}},"422":{"start":{"line":423,"column":0},"end":{"line":423,"column":44}},"423":{"start":{"line":424,"column":0},"end":{"line":424,"column":42}},"424":{"start":{"line":425,"column":0},"end":{"line":425,"column":40}},"425":{"start":{"line":426,"column":0},"end":{"line":426,"column":42}},"426":{"start":{"line":427,"column":0},"end":{"line":427,"column":7}},"427":{"start":{"line":428,"column":0},"end":{"line":428,"column":19}},"428":{"start":{"line":429,"column":0},"end":{"line":429,"column":2}},"430":{"start":{"line":431,"column":0},"end":{"line":431,"column":62}},"431":{"start":{"line":432,"column":0},"end":{"line":432,"column":66}},"432":{"start":{"line":433,"column":0},"end":{"line":433,"column":32}},"433":{"start":{"line":434,"column":0},"end":{"line":434,"column":38}},"434":{"start":{"line":435,"column":0},"end":{"line":435,"column":49}},"436":{"start":{"line":437,"column":0},"end":{"line":437,"column":40}},"438":{"start":{"line":439,"column":0},"end":{"line":439,"column":44}},"439":{"start":{"line":440,"column":0},"end":{"line":440,"column":43}},"440":{"start":{"line":441,"column":0},"end":{"line":441,"column":81}},"441":{"start":{"line":442,"column":0},"end":{"line":442,"column":36}},"443":{"start":{"line":444,"column":0},"end":{"line":444,"column":60}},"445":{"start":{"line":446,"column":0},"end":{"line":446,"column":73}},"447":{"start":{"line":448,"column":0},"end":{"line":448,"column":40}},"448":{"start":{"line":449,"column":0},"end":{"line":449,"column":35}},"449":{"start":{"line":450,"column":0},"end":{"line":450,"column":30}},"450":{"start":{"line":451,"column":0},"end":{"line":451,"column":26}},"451":{"start":{"line":452,"column":0},"end":{"line":452,"column":62}},"452":{"start":{"line":453,"column":0},"end":{"line":453,"column":45}},"453":{"start":{"line":454,"column":0},"end":{"line":454,"column":52}},"454":{"start":{"line":455,"column":0},"end":{"line":455,"column":48}},"455":{"start":{"line":456,"column":0},"end":{"line":456,"column":44}},"456":{"start":{"line":457,"column":0},"end":{"line":457,"column":48}},"457":{"start":{"line":458,"column":0},"end":{"line":458,"column":12}},"458":{"start":{"line":459,"column":0},"end":{"line":459,"column":7}},"459":{"start":{"line":460,"column":0},"end":{"line":460,"column":6}},"461":{"start":{"line":462,"column":0},"end":{"line":462,"column":28}},"462":{"start":{"line":463,"column":0},"end":{"line":463,"column":4}},"464":{"start":{"line":465,"column":0},"end":{"line":465,"column":60}},"465":{"start":{"line":466,"column":0},"end":{"line":466,"column":24}},"466":{"start":{"line":467,"column":0},"end":{"line":467,"column":38}},"467":{"start":{"line":468,"column":0},"end":{"line":468,"column":49}},"469":{"start":{"line":470,"column":0},"end":{"line":470,"column":18}},"470":{"start":{"line":471,"column":0},"end":{"line":471,"column":9}},"471":{"start":{"line":472,"column":0},"end":{"line":472,"column":30}},"472":{"start":{"line":473,"column":0},"end":{"line":473,"column":58}},"473":{"start":{"line":474,"column":0},"end":{"line":474,"column":100}},"474":{"start":{"line":475,"column":0},"end":{"line":475,"column":62}},"475":{"start":{"line":476,"column":0},"end":{"line":476,"column":33}},"478":{"start":{"line":479,"column":0},"end":{"line":479,"column":29}},"479":{"start":{"line":480,"column":0},"end":{"line":480,"column":42}},"481":{"start":{"line":482,"column":0},"end":{"line":482,"column":25}},"482":{"start":{"line":483,"column":0},"end":{"line":483,"column":43}},"483":{"start":{"line":484,"column":0},"end":{"line":484,"column":18}},"484":{"start":{"line":485,"column":0},"end":{"line":485,"column":81}},"485":{"start":{"line":486,"column":0},"end":{"line":486,"column":57}},"487":{"start":{"line":488,"column":0},"end":{"line":488,"column":44}},"488":{"start":{"line":489,"column":0},"end":{"line":489,"column":29}},"489":{"start":{"line":490,"column":0},"end":{"line":490,"column":25}},"490":{"start":{"line":491,"column":0},"end":{"line":491,"column":96}},"491":{"start":{"line":492,"column":0},"end":{"line":492,"column":7}},"492":{"start":{"line":493,"column":0},"end":{"line":493,"column":5}},"494":{"start":{"line":495,"column":0},"end":{"line":495,"column":18}},"495":{"start":{"line":496,"column":0},"end":{"line":496,"column":26}},"497":{"start":{"line":498,"column":0},"end":{"line":498,"column":67}},"498":{"start":{"line":499,"column":0},"end":{"line":499,"column":37}},"499":{"start":{"line":500,"column":0},"end":{"line":500,"column":36}},"500":{"start":{"line":501,"column":0},"end":{"line":501,"column":5}},"501":{"start":{"line":502,"column":0},"end":{"line":502,"column":36}},"502":{"start":{"line":503,"column":0},"end":{"line":503,"column":65}},"503":{"start":{"line":504,"column":0},"end":{"line":504,"column":39}},"504":{"start":{"line":505,"column":0},"end":{"line":505,"column":14}},"505":{"start":{"line":506,"column":0},"end":{"line":506,"column":36}},"506":{"start":{"line":507,"column":0},"end":{"line":507,"column":5}},"508":{"start":{"line":509,"column":0},"end":{"line":509,"column":21}},"509":{"start":{"line":510,"column":0},"end":{"line":510,"column":4}},"511":{"start":{"line":512,"column":0},"end":{"line":512,"column":35}},"512":{"start":{"line":513,"column":0},"end":{"line":513,"column":28}},"513":{"start":{"line":514,"column":0},"end":{"line":514,"column":2}},"515":{"start":{"line":516,"column":0},"end":{"line":516,"column":62}},"516":{"start":{"line":517,"column":0},"end":{"line":517,"column":66}},"517":{"start":{"line":518,"column":0},"end":{"line":518,"column":32}},"518":{"start":{"line":519,"column":0},"end":{"line":519,"column":38}},"519":{"start":{"line":520,"column":0},"end":{"line":520,"column":49}},"522":{"start":{"line":523,"column":0},"end":{"line":523,"column":30}},"523":{"start":{"line":524,"column":0},"end":{"line":524,"column":20}},"524":{"start":{"line":525,"column":0},"end":{"line":525,"column":79}},"525":{"start":{"line":526,"column":0},"end":{"line":526,"column":46}},"527":{"start":{"line":528,"column":0},"end":{"line":528,"column":51}},"529":{"start":{"line":530,"column":0},"end":{"line":530,"column":56}},"530":{"start":{"line":531,"column":0},"end":{"line":531,"column":79}},"531":{"start":{"line":532,"column":0},"end":{"line":532,"column":11}},"532":{"start":{"line":533,"column":0},"end":{"line":533,"column":32}},"533":{"start":{"line":534,"column":0},"end":{"line":534,"column":97}},"534":{"start":{"line":535,"column":0},"end":{"line":535,"column":21}},"535":{"start":{"line":536,"column":0},"end":{"line":536,"column":77}},"536":{"start":{"line":537,"column":0},"end":{"line":537,"column":7}},"537":{"start":{"line":538,"column":0},"end":{"line":538,"column":5}},"539":{"start":{"line":540,"column":0},"end":{"line":540,"column":28}},"540":{"start":{"line":541,"column":0},"end":{"line":541,"column":4}}},"s":{"0":1,"1":1,"2":1,"3":1,"4":1,"5":1,"6":1,"7":1,"8":1,"9":1,"10":1,"11":1,"12":1,"14":3,"15":3,"16":3,"17":3,"19":1,"21":1,"22":1,"25":1,"26":1,"27":1,"28":1,"29":1,"30":1,"31":1,"32":1,"33":1,"34":1,"36":1,"38":1,"39":1,"40":1,"42":1,"43":1,"44":1,"45":1,"46":1,"48":1,"49":1,"50":1,"51":6,"52":6,"54":5,"55":5,"56":6,"57":1,"58":1,"60":4,"61":4,"80":4,"81":6,"82":6,"84":6,"85":6,"86":6,"87":6,"88":6,"89":3,"90":3,"92":3,"93":6,"94":2,"95":6,"96":1,"97":1,"98":6,"100":1,"101":1,"102":1,"103":8,"104":8,"106":7,"107":7,"108":8,"109":1,"110":1,"112":6,"114":6,"115":6,"142":6,"144":6,"145":6,"146":6,"147":6,"148":6,"149":5,"150":5,"152":5,"153":5,"154":5,"155":8,"156":1,"157":1,"160":8,"161":1,"162":1,"164":3,"165":8,"166":1,"167":1,"169":2,"170":8,"171":1,"172":1,"173":8,"175":1,"176":1,"177":1,"178":1,"180":1,"181":1,"182":1,"183":6,"184":6,"186":5,"187":5,"188":6,"189":1,"190":1,"192":4,"194":4,"195":4,"214":4,"215":4,"216":4,"217":4,"218":4,"219":4,"220":3,"221":3,"223":3,"224":3,"225":3,"226":6,"227":1,"228":1,"230":2,"231":6,"232":1,"233":1,"235":1,"236":1,"237":1,"238":1,"239":1,"240":1,"241":6,"243":1,"245":1,"246":1,"247":1,"248":1,"249":1,"250":1,"251":1,"252":1,"253":1,"254":1,"255":1,"256":1,"257":1,"258":1,"259":1,"260":1,"261":1,"263":1,"264":1,"265":1,"266":4,"267":4,"269":4,"271":4,"272":3,"273":3,"274":3,"275":3,"276":3,"277":3,"278":3,"279":3,"280":3,"281":3,"283":3,"285":2,"286":2,"287":2,"288":2,"289":2,"290":2,"291":2,"292":2,"293":2,"294":2,"295":2,"296":2,"298":2,"299":4,"301":2,"302":2,"304":1,"305":1,"306":1,"307":1,"309":1,"310":1,"311":1,"312":5,"313":5,"316":4,"317":5,"318":2,"319":2,"320":2,"321":2,"322":2,"323":2,"324":2,"325":5,"327":4,"328":4,"329":1,"332":5,"333":5,"335":5,"336":5,"337":5,"338":5,"339":5,"340":5,"341":5,"342":5,"343":5,"344":5,"345":5,"346":5,"348":4,"349":1,"350":1,"351":1,"352":4,"353":4,"355":1,"356":1,"357":1,"358":1,"359":1,"361":1,"362":1,"363":1,"364":2,"365":2,"367":2,"368":2,"369":2,"371":2,"372":2,"373":2,"374":2,"375":2,"376":2,"377":2,"378":2,"379":2,"380":2,"382":1,"383":1,"384":1,"385":1,"386":1,"387":1,"389":1,"390":1,"391":1,"393":1,"394":1,"395":1,"396":3,"397":3,"399":2,"400":2,"401":2,"402":2,"404":3,"406":1,"407":1,"408":1,"409":1,"410":1,"411":1,"412":1,"414":1,"415":1,"416":1,"417":1,"418":1,"419":1,"420":1,"421":1,"422":1,"423":1,"424":1,"425":1,"426":1,"427":1,"428":1,"430":1,"431":1,"432":1,"433":3,"434":3,"436":2,"438":2,"439":2,"440":2,"441":2,"443":2,"445":1,"447":1,"448":1,"449":1,"450":1,"451":1,"452":1,"453":1,"454":1,"455":1,"456":1,"457":1,"458":1,"459":2,"461":1,"462":1,"464":1,"465":1,"466":6,"467":6,"469":5,"470":5,"471":5,"472":6,"473":6,"474":6,"475":6,"478":5,"479":5,"481":5,"482":5,"483":5,"484":5,"485":5,"487":5,"488":6,"489":7,"490":7,"491":7,"492":7,"494":5,"495":5,"497":5,"498":6,"499":3,"500":3,"501":6,"502":11,"503":11,"504":6,"505":6,"506":6,"508":5,"509":5,"511":1,"512":1,"513":1,"515":1,"516":1,"517":1,"518":5,"519":5,"522":4,"523":4,"524":4,"525":4,"527":5,"529":5,"530":2,"531":2,"532":2,"533":2,"534":1,"535":1,"536":1,"537":2,"539":3,"540":3},"branchMap":{"0":{"type":"branch","line":15,"loc":{"start":{"line":15,"column":0},"end":{"line":18,"column":1}},"locations":[{"start":{"line":15,"column":0},"end":{"line":18,"column":1}}]},"1":{"type":"branch","line":16,"loc":{"start":{"line":16,"column":61},"end":{"line":16,"column":86}},"locations":[{"start":{"line":16,"column":61},"end":{"line":16,"column":86}}]},"2":{"type":"branch","line":17,"loc":{"start":{"line":17,"column":78},"end":{"line":17,"column":86}},"locations":[{"start":{"line":17,"column":78},"end":{"line":17,"column":86}}]},"3":{"type":"branch","line":51,"loc":{"start":{"line":51,"column":11},"end":{"line":99,"column":4}},"locations":[{"start":{"line":51,"column":11},"end":{"line":99,"column":4}}]},"4":{"type":"branch","line":53,"loc":{"start":{"line":53,"column":18},"end":{"line":53,"column":49}},"locations":[{"start":{"line":53,"column":18},"end":{"line":53,"column":49}}]},"5":{"type":"branch","line":53,"loc":{"start":{"line":53,"column":48},"end":{"line":56,"column":59}},"locations":[{"start":{"line":53,"column":48},"end":{"line":56,"column":59}}]},"6":{"type":"branch","line":56,"loc":{"start":{"line":56,"column":58},"end":{"line":57,"column":13}},"locations":[{"start":{"line":56,"column":58},"end":{"line":57,"column":13}}]},"7":{"type":"branch","line":57,"loc":{"start":{"line":57,"column":4},"end":{"line":59,"column":5}},"locations":[{"start":{"line":57,"column":4},"end":{"line":59,"column":5}}]},"8":{"type":"branch","line":59,"loc":{"start":{"line":59,"column":4},"end":{"line":82,"column":38}},"locations":[{"start":{"line":59,"column":4},"end":{"line":82,"column":38}}]},"9":{"type":"branch","line":82,"loc":{"start":{"line":82,"column":16},"end":{"line":82,"column":56}},"locations":[{"start":{"line":82,"column":16},"end":{"line":82,"column":56}}]},"10":{"type":"branch","line":89,"loc":{"start":{"line":89,"column":7},"end":{"line":94,"column":34}},"locations":[{"start":{"line":89,"column":7},"end":{"line":94,"column":34}}]},"11":{"type":"branch","line":94,"loc":{"start":{"line":94,"column":27},"end":{"line":94,"column":78}},"locations":[{"start":{"line":94,"column":27},"end":{"line":94,"column":78}}]},"12":{"type":"branch","line":94,"loc":{"start":{"line":94,"column":77},"end":{"line":96,"column":12}},"locations":[{"start":{"line":94,"column":77},"end":{"line":96,"column":12}}]},"13":{"type":"branch","line":96,"loc":{"start":{"line":96,"column":4},"end":{"line":98,"column":5}},"locations":[{"start":{"line":96,"column":4},"end":{"line":98,"column":5}}]},"14":{"type":"branch","line":85,"loc":{"start":{"line":85,"column":34},"end":{"line":85,"column":77}},"locations":[{"start":{"line":85,"column":34},"end":{"line":85,"column":77}}]},"15":{"type":"branch","line":103,"loc":{"start":{"line":103,"column":11},"end":{"line":174,"column":4}},"locations":[{"start":{"line":103,"column":11},"end":{"line":174,"column":4}}]},"16":{"type":"branch","line":105,"loc":{"start":{"line":105,"column":18},"end":{"line":105,"column":49}},"locations":[{"start":{"line":105,"column":18},"end":{"line":105,"column":49}}]},"17":{"type":"branch","line":105,"loc":{"start":{"line":105,"column":48},"end":{"line":108,"column":55}},"locations":[{"start":{"line":105,"column":48},"end":{"line":108,"column":55}}]},"18":{"type":"branch","line":108,"loc":{"start":{"line":108,"column":54},"end":{"line":109,"column":13}},"locations":[{"start":{"line":108,"column":54},"end":{"line":109,"column":13}}]},"19":{"type":"branch","line":109,"loc":{"start":{"line":109,"column":4},"end":{"line":111,"column":5}},"locations":[{"start":{"line":109,"column":4},"end":{"line":111,"column":5}}]},"20":{"type":"branch","line":111,"loc":{"start":{"line":111,"column":4},"end":{"line":149,"column":8}},"locations":[{"start":{"line":111,"column":4},"end":{"line":149,"column":8}}]},"21":{"type":"branch","line":149,"loc":{"start":{"line":149,"column":7},"end":{"line":156,"column":14}},"locations":[{"start":{"line":149,"column":7},"end":{"line":156,"column":14}}]},"22":{"type":"branch","line":156,"loc":{"start":{"line":156,"column":6},"end":{"line":158,"column":7}},"locations":[{"start":{"line":156,"column":6},"end":{"line":158,"column":7}}]},"23":{"type":"branch","line":158,"loc":{"start":{"line":158,"column":6},"end":{"line":161,"column":44}},"locations":[{"start":{"line":158,"column":6},"end":{"line":161,"column":44}}]},"24":{"type":"branch","line":161,"loc":{"start":{"line":161,"column":32},"end":{"line":161,"column":68}},"locations":[{"start":{"line":161,"column":32},"end":{"line":161,"column":68}}]},"25":{"type":"branch","line":161,"loc":{"start":{"line":161,"column":62},"end":{"line":161,"column":122}},"locations":[{"start":{"line":161,"column":62},"end":{"line":161,"column":122}}]},"26":{"type":"branch","line":161,"loc":{"start":{"line":161,"column":122},"end":{"line":163,"column":7}},"locations":[{"start":{"line":161,"column":122},"end":{"line":163,"column":7}}]},"27":{"type":"branch","line":163,"loc":{"start":{"line":163,"column":6},"end":{"line":166,"column":55}},"locations":[{"start":{"line":163,"column":6},"end":{"line":166,"column":55}}]},"28":{"type":"branch","line":166,"loc":{"start":{"line":166,"column":55},"end":{"line":168,"column":7}},"locations":[{"start":{"line":166,"column":55},"end":{"line":168,"column":7}}]},"29":{"type":"branch","line":168,"loc":{"start":{"line":168,"column":6},"end":{"line":171,"column":12}},"locations":[{"start":{"line":168,"column":6},"end":{"line":171,"column":12}}]},"30":{"type":"branch","line":171,"loc":{"start":{"line":171,"column":4},"end":{"line":173,"column":5}},"locations":[{"start":{"line":171,"column":4},"end":{"line":173,"column":5}}]},"31":{"type":"branch","line":145,"loc":{"start":{"line":145,"column":34},"end":{"line":145,"column":81}},"locations":[{"start":{"line":145,"column":34},"end":{"line":145,"column":81}}]},"32":{"type":"branch","line":183,"loc":{"start":{"line":183,"column":11},"end":{"line":242,"column":4}},"locations":[{"start":{"line":183,"column":11},"end":{"line":242,"column":4}}]},"33":{"type":"branch","line":185,"loc":{"start":{"line":185,"column":18},"end":{"line":185,"column":49}},"locations":[{"start":{"line":185,"column":18},"end":{"line":185,"column":49}}]},"34":{"type":"branch","line":185,"loc":{"start":{"line":185,"column":48},"end":{"line":188,"column":55}},"locations":[{"start":{"line":185,"column":48},"end":{"line":188,"column":55}}]},"35":{"type":"branch","line":188,"loc":{"start":{"line":188,"column":54},"end":{"line":189,"column":13}},"locations":[{"start":{"line":188,"column":54},"end":{"line":189,"column":13}}]},"36":{"type":"branch","line":189,"loc":{"start":{"line":189,"column":4},"end":{"line":191,"column":5}},"locations":[{"start":{"line":189,"column":4},"end":{"line":191,"column":5}}]},"37":{"type":"branch","line":191,"loc":{"start":{"line":191,"column":4},"end":{"line":220,"column":8}},"locations":[{"start":{"line":191,"column":4},"end":{"line":220,"column":8}}]},"38":{"type":"branch","line":220,"loc":{"start":{"line":220,"column":7},"end":{"line":227,"column":14}},"locations":[{"start":{"line":220,"column":7},"end":{"line":227,"column":14}}]},"39":{"type":"branch","line":227,"loc":{"start":{"line":227,"column":6},"end":{"line":229,"column":7}},"locations":[{"start":{"line":227,"column":6},"end":{"line":229,"column":7}}]},"40":{"type":"branch","line":229,"loc":{"start":{"line":229,"column":6},"end":{"line":232,"column":55}},"locations":[{"start":{"line":229,"column":6},"end":{"line":232,"column":55}}]},"41":{"type":"branch","line":232,"loc":{"start":{"line":232,"column":55},"end":{"line":241,"column":5}},"locations":[{"start":{"line":232,"column":55},"end":{"line":241,"column":5}}]},"42":{"type":"branch","line":238,"loc":{"start":{"line":238,"column":49},"end":{"line":238,"column":70}},"locations":[{"start":{"line":238,"column":49},"end":{"line":238,"column":70}}]},"43":{"type":"branch","line":216,"loc":{"start":{"line":216,"column":34},"end":{"line":216,"column":94}},"locations":[{"start":{"line":216,"column":34},"end":{"line":216,"column":94}}]},"44":{"type":"branch","line":266,"loc":{"start":{"line":266,"column":11},"end":{"line":303,"column":4}},"locations":[{"start":{"line":266,"column":11},"end":{"line":303,"column":4}}]},"45":{"type":"branch","line":268,"loc":{"start":{"line":268,"column":18},"end":{"line":268,"column":49}},"locations":[{"start":{"line":268,"column":18},"end":{"line":268,"column":49}}]},"46":{"type":"branch","line":268,"loc":{"start":{"line":268,"column":48},"end":{"line":270,"column":37}},"locations":[{"start":{"line":268,"column":48},"end":{"line":270,"column":37}}]},"47":{"type":"branch","line":270,"loc":{"start":{"line":270,"column":26},"end":{"line":270,"column":63}},"locations":[{"start":{"line":270,"column":26},"end":{"line":270,"column":63}}]},"48":{"type":"branch","line":270,"loc":{"start":{"line":270,"column":59},"end":{"line":270,"column":73}},"locations":[{"start":{"line":270,"column":59},"end":{"line":270,"column":73}}]},"49":{"type":"branch","line":300,"loc":{"start":{"line":300,"column":5},"end":{"line":303,"column":4}},"locations":[{"start":{"line":300,"column":5},"end":{"line":303,"column":4}}]},"50":{"type":"branch","line":272,"loc":{"start":{"line":272,"column":40},"end":{"line":300,"column":5}},"locations":[{"start":{"line":272,"column":40},"end":{"line":300,"column":5}}]},"51":{"type":"branch","line":279,"loc":{"start":{"line":279,"column":25},"end":{"line":279,"column":42}},"locations":[{"start":{"line":279,"column":25},"end":{"line":279,"column":42}}]},"52":{"type":"branch","line":280,"loc":{"start":{"line":280,"column":22},"end":{"line":280,"column":36}},"locations":[{"start":{"line":280,"column":22},"end":{"line":280,"column":36}}]},"53":{"type":"branch","line":284,"loc":{"start":{"line":284,"column":17},"end":{"line":284,"column":57}},"locations":[{"start":{"line":284,"column":17},"end":{"line":284,"column":57}}]},"54":{"type":"branch","line":284,"loc":{"start":{"line":284,"column":56},"end":{"line":299,"column":20}},"locations":[{"start":{"line":284,"column":56},"end":{"line":299,"column":20}}]},"55":{"type":"branch","line":287,"loc":{"start":{"line":287,"column":23},"end":{"line":296,"column":10}},"locations":[{"start":{"line":287,"column":23},"end":{"line":296,"column":10}}]},"56":{"type":"branch","line":290,"loc":{"start":{"line":290,"column":35},"end":{"line":290,"column":62}},"locations":[{"start":{"line":290,"column":35},"end":{"line":290,"column":62}}]},"57":{"type":"branch","line":292,"loc":{"start":{"line":292,"column":42},"end":{"line":292,"column":52}},"locations":[{"start":{"line":292,"column":42},"end":{"line":292,"column":52}}]},"58":{"type":"branch","line":293,"loc":{"start":{"line":293,"column":38},"end":{"line":293,"column":48}},"locations":[{"start":{"line":293,"column":38},"end":{"line":293,"column":48}}]},"59":{"type":"branch","line":294,"loc":{"start":{"line":294,"column":34},"end":{"line":294,"column":44}},"locations":[{"start":{"line":294,"column":34},"end":{"line":294,"column":44}}]},"60":{"type":"branch","line":295,"loc":{"start":{"line":295,"column":38},"end":{"line":295,"column":48}},"locations":[{"start":{"line":295,"column":38},"end":{"line":295,"column":48}}]},"61":{"type":"branch","line":312,"loc":{"start":{"line":312,"column":11},"end":{"line":354,"column":4}},"locations":[{"start":{"line":312,"column":11},"end":{"line":354,"column":4}}]},"62":{"type":"branch","line":314,"loc":{"start":{"line":314,"column":18},"end":{"line":314,"column":49}},"locations":[{"start":{"line":314,"column":18},"end":{"line":314,"column":49}}]},"63":{"type":"branch","line":314,"loc":{"start":{"line":314,"column":48},"end":{"line":318,"column":13}},"locations":[{"start":{"line":314,"column":48},"end":{"line":318,"column":13}}]},"64":{"type":"branch","line":318,"loc":{"start":{"line":318,"column":13},"end":{"line":325,"column":5}},"locations":[{"start":{"line":318,"column":13},"end":{"line":325,"column":5}}]},"65":{"type":"branch","line":321,"loc":{"start":{"line":321,"column":53},"end":{"line":321,"column":60}},"locations":[{"start":{"line":321,"column":53},"end":{"line":321,"column":60}}]},"66":{"type":"branch","line":323,"loc":{"start":{"line":323,"column":22},"end":{"line":323,"column":64}},"locations":[{"start":{"line":323,"column":22},"end":{"line":323,"column":64}}]},"67":{"type":"branch","line":324,"loc":{"start":{"line":324,"column":6},"end":{"line":324,"column":68}},"locations":[{"start":{"line":324,"column":6},"end":{"line":324,"column":68}}]},"68":{"type":"branch","line":325,"loc":{"start":{"line":325,"column":4},"end":{"line":326,"column":18}},"locations":[{"start":{"line":325,"column":4},"end":{"line":326,"column":18}}]},"69":{"type":"branch","line":326,"loc":{"start":{"line":326,"column":13},"end":{"line":326,"column":66}},"locations":[{"start":{"line":326,"column":13},"end":{"line":326,"column":66}}]},"70":{"type":"branch","line":326,"loc":{"start":{"line":326,"column":58},"end":{"line":329,"column":18}},"locations":[{"start":{"line":326,"column":58},"end":{"line":329,"column":18}}]},"71":{"type":"branch","line":329,"loc":{"start":{"line":329,"column":11},"end":{"line":330,"column":89}},"locations":[{"start":{"line":329,"column":11},"end":{"line":330,"column":89}}]},"72":{"type":"branch","line":347,"loc":{"start":{"line":347,"column":5},"end":{"line":354,"column":4}},"locations":[{"start":{"line":347,"column":5},"end":{"line":354,"column":4}}]},"73":{"type":"branch","line":322,"loc":{"start":{"line":322,"column":53},"end":{"line":322,"column":68}},"locations":[{"start":{"line":322,"column":53},"end":{"line":322,"column":68}}]},"74":{"type":"branch","line":322,"loc":{"start":{"line":322,"column":75},"end":{"line":322,"column":101}},"locations":[{"start":{"line":322,"column":75},"end":{"line":322,"column":101}}]},"75":{"type":"branch","line":349,"loc":{"start":{"line":349,"column":24},"end":{"line":353,"column":6}},"locations":[{"start":{"line":349,"column":24},"end":{"line":353,"column":6}}]},"76":{"type":"branch","line":364,"loc":{"start":{"line":364,"column":11},"end":{"line":388,"column":4}},"locations":[{"start":{"line":364,"column":11},"end":{"line":388,"column":4}}]},"77":{"type":"branch","line":366,"loc":{"start":{"line":366,"column":18},"end":{"line":368,"column":32}},"locations":[{"start":{"line":366,"column":18},"end":{"line":368,"column":32}}]},"78":{"type":"branch","line":368,"loc":{"start":{"line":368,"column":20},"end":{"line":368,"column":37}},"locations":[{"start":{"line":368,"column":20},"end":{"line":368,"column":37}}]},"79":{"type":"branch","line":381,"loc":{"start":{"line":381,"column":5},"end":{"line":388,"column
[...]
e":518,"loc":{"start":{"line":518,"column":11},"end":{"line":541,"column":4}},"locations":[{"start":{"line":518,"column":11},"end":{"line":541,"column":4}}]},"116":{"type":"branch","line":520,"loc":{"start":{"line":520,"column":18},"end":{"line":520,"column":49}},"locations":[{"start":{"line":520,"column":18},"end":{"line":520,"column":49}}]},"117":{"type":"branch","line":520,"loc":{"start":{"line":520,"column":48},"end":{"line":528,"column":24}},"locations":[{"start":{"line":520,"column":48},"end":{"line":528,"column":24}}]},"118":{"type":"branch","line":528,"loc":{"start":{"line":528,"column":18},"end":{"line":528,"column":51}},"locations":[{"start":{"line":528,"column":18},"end":{"line":528,"column":51}}]},"119":{"type":"branch","line":528,"loc":{"start":{"line":528,"column":50},"end":{"line":530,"column":28}},"locations":[{"start":{"line":528,"column":50},"end":{"line":530,"column":28}}]},"120":{"type":"branch","line":530,"loc":{"start":{"line":530,"column":16},"end":{"line":530,"column":55}},"locations":[{"start":{"line":530,"column":16},"end":{"line":530,"column":55}}]},"121":{"type":"branch","line":530,"loc":{"start":{"line":530,"column":55},"end":{"line":538,"column":5}},"locations":[{"start":{"line":530,"column":55},"end":{"line":538,"column":5}}]},"122":{"type":"branch","line":534,"loc":{"start":{"line":534,"column":96},"end":{"line":537,"column":7}},"locations":[{"start":{"line":534,"column":96},"end":{"line":537,"column":7}}]},"123":{"type":"branch","line":538,"loc":{"start":{"line":538,"column":4},"end":{"line":541,"column":4}},"locations":[{"start":{"line":538,"column":4},"end":{"line":541,"column":4}}]}},"b":{"0":[3],"1":[0],"2":[0],"3":[6],"4":[1],"5":[5],"6":[4],"7":[1],"8":[4],"9":[1],"10":[3],"11":[1],"12":[2],"13":[1],"14":[4],"15":[8],"16":[1],"17":[7],"18":[6],"19":[1],"20":[6],"21":[5],"22":[1],"23":[4],"24":[4],"25":[1],"26":[1],"27":[3],"28":[1],"29":[2],"30":[1],"31":[6],"32":[6],"33":[1],"34":[5],"35":[4],"36":[1],"37":[4],"38":[3],"39":[1],"40":[2],"41":[1],"42":[0],"43":[4],"44":[4],"45":[1],"46":[3],"47":[1],"48":[2],"49":[2],"50":[3],"51":[2],"52":[2],"53":[1],"54":[2],"55":[2],"56":[0],"57":[0],"58":[0],"59":[0],"60":[0],"61":[5],"62":[1],"63":[4],"64":[2],"65":[0],"66":[1],"67":[1],"68":[4],"69":[1],"70":[4],"71":[1],"72":[4],"73":[1],"74":[1],"75":[1],"76":[2],"77":[1],"78":[0],"79":[1],"80":[1],"81":[3],"82":[1],"83":[2],"84":[1],"85":[3],"86":[1],"87":[2],"88":[1],"89":[2],"90":[1],"91":[1],"92":[1],"93":[0],"94":[0],"95":[0],"96":[0],"97":[0],"98":[6],"99":[1],"100":[5],"101":[0],"102":[1],"103":[4],"104":[5],"105":[7],"106":[5],"107":[3],"108":[5],"109":[11],"110":[5],"111":[6],"112":[5],"113":[1],"114":[1],"115":[5],"116":[1],"117":[4],"118":[1],"119":[3],"120":[2],"121":[2],"122":[1],"123":[3]},"fnMap":{"0":{"name":"rateLimitMessage","decl":{"start":{"line":15,"column":0},"end":{"line":18,"column":1}},"loc":{"start":{"line":15,"column":0},"end":{"line":18,"column":1}},"line":15},"1":{"name":"result.retries","decl":{"start":{"line":85,"column":34},"end":{"line":85,"column":77}},"loc":{"start":{"line":85,"column":34},"end":{"line":85,"column":77}},"line":85},"2":{"name":"result.retries","decl":{"start":{"line":145,"column":34},"end":{"line":145,"column":81}},"loc":{"start":{"line":145,"column":34},"end":{"line":145,"column":81}},"line":145},"3":{"name":"result.retries","decl":{"start":{"line":216,"column":34},"end":{"line":216,"column":94}},"loc":{"start":{"line":216,"column":34},"end":{"line":216,"column":94}},"line":216},"4":{"name":"orderBy","decl":{"start":{"line":345,"column":15},"end":{"line":345,"column":59}},"loc":{"start":{"line":345,"column":15},"end":{"line":345,"column":59}},"line":345},"5":{"name":"orderBy","decl":{"start":{"line":379,"column":15},"end":{"line":379,"column":59}},"loc":{"start":{"line":379,"column":15},"end":{"line":379,"column":59}},"line":379}},"f":{"0":3,"1":4,"2":6,"3":4,"4":0,"5":0}}
,"/Users/sze/Desktop/repos/check_cal_app/src/lib/server/r2.ts": {"path":"/Users/sze/Desktop/repos/check_cal_app/src/lib/server/r2.ts","all":false,"statementMap":{"0":{"start":{"line":1,"column":0},"end":{"line":1,"column":45}},"2":{"start":{"line":3,"column":0},"end":{"line":3,"column":31}},"3":{"start":{"line":4,"column":0},"end":{"line":4,"column":23}},"4":{"start":{"line":5,"column":0},"end":{"line":5,"column":19}},"5":{"start":{"line":6,"column":0},"end":{"line":6,"column":78}},"6":{"start":{"line":7,"column":0},"end":{"line":7,"column":18}},"7":{"start":{"line":8,"column":0},"end":{"line":8,"column":49}},"8":{"start":{"line":9,"column":0},"end":{"line":9,"column":57}},"9":{"start":{"line":10,"column":0},"end":{"line":10,"column":6}},"10":{"start":{"line":11,"column":0},"end":{"line":11,"column":4}},"11":{"start":{"line":12,"column":0},"end":{"line":12,"column":1}}},"s":{"0":1,"2":1,"3":3,"4":3,"5":3,"6":3,"7":3,"8":3,"9":3,"10":3,"11":3},"branchMap":{"0":{"type":"branch","line":3,"loc":{"start":{"line":3,"column":7},"end":{"line":12,"column":1}},"locations":[{"start":{"line":3,"column":7},"end":{"line":12,"column":1}}]}},"b":{"0":[3]},"fnMap":{"0":{"name":"getR2Client","decl":{"start":{"line":3,"column":7},"end":{"line":12,"column":1}},"loc":{"start":{"line":3,"column":7},"end":{"line":12,"column":1}},"line":3}},"f":{"0":3}}
,"/Users/sze/Desktop/repos/check_cal_app/src/lib/server/rate-limit.ts": {"path":"/Users/sze/Desktop/repos/check_cal_app/src/lib/server/rate-limit.ts","all":false,"statementMap":{"0":{"start":{"line":1,"column":0},"end":{"line":1,"column":57}},"3":{"start":{"line":4,"column":0},"end":{"line":4,"column":57}},"4":{"start":{"line":5,"column":0},"end":{"line":5,"column":13}},"5":{"start":{"line":6,"column":0},"end":{"line":6,"column":15}},"6":{"start":{"line":7,"column":0},"end":{"line":7,"column":2}},"9":{"start":{"line":10,"column":0},"end":{"line":10,"column":61}},"10":{"start":{"line":11,"column":0},"end":{"line":11,"column":13}},"11":{"start":{"line":12,"column":0},"end":{"line":12,"column":15}},"12":{"start":{"line":13,"column":0},"end":{"line":13,"column":2}}},"s":{"0":1,"3":1,"4":1,"5":1,"6":1,"9":1,"10":1,"11":1,"12":1},"branchMap":{},"b":{},"fnMap":{},"f":{}}
,"/Users/sze/Desktop/repos/check_cal_app/src/lib/server/session.ts": {"path":"/Users/sze/Desktop/repos/check_cal_app/src/lib/server/session.ts","all":true,"statementMap":{"0":{"start":{"line":1,"column":0},"end":{"line":1,"column":57}},"1":{"start":{"line":2,"column":0},"end":{"line":2,"column":33}},"3":{"start":{"line":4,"column":0},"end":{"line":4,"column":36}},"4":{"start":{"line":5,"column":0},"end":{"line":5,"column":26}},"5":{"start":{"line":6,"column":0},"end":{"line":6,"column":54}},"6":{"start":{"line":7,"column":0},"end":{"line":7,"column":1}}},"s":{"0":0,"1":0,"3":0,"4":0,"5":0,"6":0},"branchMap":{"0":{"type":"branch","line":1,"loc":{"start":{"line":1,"column":213},"end":{"line":7,"column":1}},"locations":[{"start":{"line":1,"column":213},"end":{"line":7,"column":1}}]}},"b":{"0":[0]},"fnMap":{"0":{"name":"(empty-report)","decl":{"start":{"line":1,"column":213},"end":{"line":7,"column":1}},"loc":{"start":{"line":1,"column":213},"end":{"line":7,"column":1}},"line":1}},"f":{"0":0}}
,"/Users/sze/Desktop/repos/check_cal_app/src/lib/server/settings.ts": {"path":"/Users/sze/Desktop/repos/check_cal_app/src/lib/server/settings.ts","all":false,"statementMap":{"0":{"start":{"line":1,"column":0},"end":{"line":1,"column":54}},"1":{"start":{"line":2,"column":0},"end":{"line":2,"column":37}},"2":{"start":{"line":3,"column":0},"end":{"line":3,"column":23}},"3":{"start":{"line":4,"column":0},"end":{"line":4,"column":25}},"4":{"start":{"line":5,"column":0},"end":{"line":5,"column":42}},"5":{"start":{"line":6,"column":0},"end":{"line":6,"column":49}},"7":{"start":{"line":8,"column":0},"end":{"line":8,"column":66}},"8":{"start":{"line":9,"column":0},"end":{"line":9,"column":24}},"9":{"start":{"line":10,"column":0},"end":{"line":10,"column":38}},"10":{"start":{"line":11,"column":0},"end":{"line":11,"column":49}},"12":{"start":{"line":13,"column":0},"end":{"line":13,"column":55}},"13":{"start":{"line":14,"column":0},"end":{"line":14,"column":54}},"14":{"start":{"line":15,"column":0},"end":{"line":15,"column":6}},"16":{"start":{"line":17,"column":0},"end":{"line":17,"column":12}},"17":{"start":{"line":18,"column":0},"end":{"line":18,"column":54}},"18":{"start":{"line":19,"column":0},"end":{"line":19,"column":44}},"19":{"start":{"line":20,"column":0},"end":{"line":20,"column":40}},"20":{"start":{"line":21,"column":0},"end":{"line":21,"column":36}},"21":{"start":{"line":22,"column":0},"end":{"line":22,"column":40}},"22":{"start":{"line":23,"column":0},"end":{"line":23,"column":5}},"23":{"start":{"line":24,"column":0},"end":{"line":24,"column":4}},"25":{"start":{"line":26,"column":0},"end":{"line":26,"column":39}},"26":{"start":{"line":27,"column":0},"end":{"line":27,"column":57}},"27":{"start":{"line":28,"column":0},"end":{"line":28,"column":71}},"28":{"start":{"line":29,"column":0},"end":{"line":29,"column":69}},"29":{"start":{"line":30,"column":0},"end":{"line":30,"column":67}},"30":{"start":{"line":31,"column":0},"end":{"line":31,"column":68}},"31":{"start":{"line":32,"column":0},"end":{"line":32,"column":2}},"33":{"start":{"line":34,"column":0},"end":{"line":34,"column":70}},"34":{"start":{"line":35,"column":0},"end":{"line":35,"column":70}},"35":{"start":{"line":36,"column":0},"end":{"line":36,"column":32}},"36":{"start":{"line":37,"column":0},"end":{"line":37,"column":38}},"37":{"start":{"line":38,"column":0},"end":{"line":38,"column":49}},"39":{"start":{"line":40,"column":0},"end":{"line":40,"column":12}},"40":{"start":{"line":41,"column":0},"end":{"line":41,"column":27}},"41":{"start":{"line":42,"column":0},"end":{"line":42,"column":15}},"42":{"start":{"line":43,"column":0},"end":{"line":43,"column":32}},"43":{"start":{"line":44,"column":0},"end":{"line":44,"column":48}},"44":{"start":{"line":45,"column":0},"end":{"line":45,"column":46}},"45":{"start":{"line":46,"column":0},"end":{"line":46,"column":42}},"46":{"start":{"line":47,"column":0},"end":{"line":47,"column":38}},"47":{"start":{"line":48,"column":0},"end":{"line":48,"column":42}},"48":{"start":{"line":49,"column":0},"end":{"line":49,"column":8}},"49":{"start":{"line":50,"column":0},"end":{"line":50,"column":27}},"50":{"start":{"line":51,"column":0},"end":{"line":51,"column":36}},"51":{"start":{"line":52,"column":0},"end":{"line":52,"column":14}},"52":{"start":{"line":53,"column":0},"end":{"line":53,"column":50}},"53":{"start":{"line":54,"column":0},"end":{"line":54,"column":48}},"54":{"start":{"line":55,"column":0},"end":{"line":55,"column":44}},"55":{"start":{"line":56,"column":0},"end":{"line":56,"column":40}},"56":{"start":{"line":57,"column":0},"end":{"line":57,"column":44}},"57":{"start":{"line":58,"column":0},"end":{"line":58,"column":32}},"58":{"start":{"line":59,"column":0},"end":{"line":59,"column":10}},"59":{"start":{"line":60,"column":0},"end":{"line":60,"column":8}},"61":{"start":{"line":62,"column":0},"end":{"line":62,"column":28}},"62":{"start":{"line":63,"column":0},"end":{"line":63,"column":4}}},"s":{"0":1,"1":1,"2":1,"3":1,"4":1,"5":1,"7":1,"8":1,"9":4,"10":4,"12":3,"13":3,"14":3,"16":3,"17":4,"18":4,"19":4,"20":4,"21":4,"22":4,"23":4,"25":1,"26":1,"27":1,"28":1,"29":1,"30":1,"31":1,"33":1,"34":1,"35":1,"36":4,"37":4,"39":3,"40":3,"41":3,"42":3,"43":3,"44":4,"45":4,"46":4,"47":4,"48":4,"49":4,"50":4,"51":4,"52":4,"53":4,"54":4,"55":4,"56":4,"57":4,"58":4,"59":4,"61":3,"62":3},"branchMap":{"0":{"type":"branch","line":9,"loc":{"start":{"line":9,"column":11},"end":{"line":24,"column":4}},"locations":[{"start":{"line":9,"column":11},"end":{"line":24,"column":4}}]},"1":{"type":"branch","line":11,"loc":{"start":{"line":11,"column":18},"end":{"line":11,"column":49}},"locations":[{"start":{"line":11,"column":18},"end":{"line":11,"column":49}}]},"2":{"type":"branch","line":11,"loc":{"start":{"line":11,"column":48},"end":{"line":18,"column":29}},"locations":[{"start":{"line":11,"column":48},"end":{"line":18,"column":29}}]},"3":{"type":"branch","line":18,"loc":{"start":{"line":18,"column":24},"end":{"line":18,"column":49}},"locations":[{"start":{"line":18,"column":24},"end":{"line":18,"column":49}}]},"4":{"type":"branch","line":18,"loc":{"start":{"line":18,"column":29},"end":{"line":18,"column":54}},"locations":[{"start":{"line":18,"column":29},"end":{"line":18,"column":54}}]},"5":{"type":"branch","line":19,"loc":{"start":{"line":19,"column":19},"end":{"line":19,"column":39}},"locations":[{"start":{"line":19,"column":19},"end":{"line":19,"column":39}}]},"6":{"type":"branch","line":19,"loc":{"start":{"line":19,"column":24},"end":{"line":19,"column":44}},"locations":[{"start":{"line":19,"column":24},"end":{"line":19,"column":44}}]},"7":{"type":"branch","line":20,"loc":{"start":{"line":20,"column":17},"end":{"line":20,"column":35}},"locations":[{"start":{"line":20,"column":17},"end":{"line":20,"column":35}}]},"8":{"type":"branch","line":20,"loc":{"start":{"line":20,"column":22},"end":{"line":20,"column":40}},"locations":[{"start":{"line":20,"column":22},"end":{"line":20,"column":40}}]},"9":{"type":"branch","line":21,"loc":{"start":{"line":21,"column":15},"end":{"line":21,"column":31}},"locations":[{"start":{"line":21,"column":15},"end":{"line":21,"column":31}}]},"10":{"type":"branch","line":21,"loc":{"start":{"line":21,"column":20},"end":{"line":21,"column":36}},"locations":[{"start":{"line":21,"column":20},"end":{"line":21,"column":36}}]},"11":{"type":"branch","line":22,"loc":{"start":{"line":22,"column":17},"end":{"line":22,"column":35}},"locations":[{"start":{"line":22,"column":17},"end":{"line":22,"column":35}}]},"12":{"type":"branch","line":22,"loc":{"start":{"line":22,"column":22},"end":{"line":22,"column":40}},"locations":[{"start":{"line":22,"column":22},"end":{"line":22,"column":40}}]},"13":{"type":"branch","line":36,"loc":{"start":{"line":36,"column":11},"end":{"line":63,"column":4}},"locations":[{"start":{"line":36,"column":11},"end":{"line":63,"column":4}}]},"14":{"type":"branch","line":38,"loc":{"start":{"line":38,"column":18},"end":{"line":38,"column":49}},"locations":[{"start":{"line":38,"column":18},"end":{"line":38,"column":49}}]},"15":{"type":"branch","line":38,"loc":{"start":{"line":38,"column":48},"end":{"line":45,"column":41}},"locations":[{"start":{"line":38,"column":48},"end":{"line":45,"column":41}}]},"16":{"type":"branch","line":45,"loc":{"start":{"line":45,"column":26},"end":{"line":45,"column":46}},"locations":[{"start":{"line":45,"column":26},"end":{"line":45,"column":46}}]},"17":{"type":"branch","line":46,"loc":{"start":{"line":46,"column":24},"end":{"line":46,"column":42}},"locations":[{"start":{"line":46,"column":24},"end":{"line":46,"column":42}}]},"18":{"type":"branch","line":47,"loc":{"start":{"line":47,"column":22},"end":{"line":47,"column":38}},"locations":[{"start":{"line":47,"column":22},"end":{"line":47,"column":38}}]},"19":{"type":"branch","line":48,"loc":{"start":{"line":48,"column":24},"end":{"line":48,"column":42}},"locations":[{"start":{"line":48,"column":24},"end":{"line":48,"column":42}}]},"20":{"type":"branch","line":54,"loc":{"start":{"line":54,"column":28},"end":{"line":54,"column":48}},"locations":[{"start":{"line":54,"column":28},"end":{"line":54,"column":48}}]},"21":{"type":"branch","line":55,"loc":{"start":{"line":55,"column":26},"end":{"line":55,"column":44}},"locations":[{"start":{"line":55,"column":26},"end":{"line":55,"column":44}}]},"22":{"type":"branch","line":56,"loc":{"start":{"line":56,"column":24},"end":{"line":56,"column":40}},"locations":[{"start":{"line":56,"column":24},"end":{"line":56,"column":40}}]},"23":{"type":"branch","line":57,"loc":{"start":{"line":57,"column":26},"end":{"line":57,"column":44}},"locations":[{"start":{"line":57,"column":26},"end":{"line":57,"column":44}}]},"24":{"type":"branch","line":60,"loc":{"start":{"line":60,"column":7},"end":{"line":63,"column":4}},"locations":[{"start":{"line":60,"column":7},"end":{"line":63,"column":4}}]}},"b":{"0":[4],"1":[1],"2":[3],"3":[2],"4":[1],"5":[2],"6":[2],"7":[2],"8":[2],"9":[2],"10":[2],"11":[2],"12":[2],"13":[4],"14":[1],"15":[3],"16":[2],"17":[2],"18":[2],"19":[2],"20":[2],"21":[2],"22":[2],"23":[2],"24":[3]},"fnMap":{},"f":{}}
,"/Users/sze/Desktop/repos/check_cal_app/src/lib/server/upload.ts": {"path":"/Users/sze/Desktop/repos/check_cal_app/src/lib/server/upload.ts","all":false,"statementMap":{"0":{"start":{"line":1,"column":0},"end":{"line":1,"column":54}},"1":{"start":{"line":2,"column":0},"end":{"line":2,"column":53}},"2":{"start":{"line":3,"column":0},"end":{"line":3,"column":60}},"3":{"start":{"line":4,"column":0},"end":{"line":4,"column":23}},"4":{"start":{"line":5,"column":0},"end":{"line":5,"column":49}},"5":{"start":{"line":6,"column":0},"end":{"line":6,"column":45}},"7":{"start":{"line":8,"column":0},"end":{"line":8,"column":41}},"8":{"start":{"line":9,"column":0},"end":{"line":9,"column":39}},"9":{"start":{"line":10,"column":0},"end":{"line":10,"column":65}},"10":{"start":{"line":11,"column":0},"end":{"line":11,"column":48}},"11":{"start":{"line":12,"column":0},"end":{"line":12,"column":2}},"13":{"start":{"line":14,"column":0},"end":{"line":14,"column":68}},"14":{"start":{"line":15,"column":0},"end":{"line":15,"column":72}},"15":{"start":{"line":16,"column":0},"end":{"line":16,"column":32}},"16":{"start":{"line":17,"column":0},"end":{"line":17,"column":38}},"17":{"start":{"line":18,"column":0},"end":{"line":18,"column":49}},"19":{"start":{"line":20,"column":0},"end":{"line":20,"column":44}},"20":{"start":{"line":21,"column":0},"end":{"line":21,"column":26}},"21":{"start":{"line":22,"column":0},"end":{"line":22,"column":25}},"22":{"start":{"line":23,"column":0},"end":{"line":23,"column":27}},"23":{"start":{"line":24,"column":0},"end":{"line":24,"column":5}},"24":{"start":{"line":25,"column":0},"end":{"line":25,"column":49}},"25":{"start":{"line":26,"column":0},"end":{"line":26,"column":70}},"26":{"start":{"line":27,"column":0},"end":{"line":27,"column":78}},"28":{"start":{"line":29,"column":0},"end":{"line":29,"column":28}},"29":{"start":{"line":30,"column":0},"end":{"line":30,"column":42}},"30":{"start":{"line":31,"column":0},"end":{"line":31,"column":42}},"31":{"start":{"line":32,"column":0},"end":{"line":32,"column":15}},"32":{"start":{"line":33,"column":0},"end":{"line":33,"column":36}},"33":{"start":{"line":34,"column":0},"end":{"line":34,"column":58}},"34":{"start":{"line":35,"column":0},"end":{"line":35,"column":6}},"36":{"start":{"line":37,"column":0},"end":{"line":37,"column":76}},"37":{"start":{"line":38,"column":0},"end":{"line":38,"column":59}},"39":{"start":{"line":40,"column":0},"end":{"line":40,"column":43}},"40":{"start":{"line":41,"column":0},"end":{"line":41,"column":4}}},"s":{"0":1,"1":1,"2":1,"3":1,"4":1,"5":1,"7":1,"8":1,"9":1,"10":1,"11":1,"13":1,"14":1,"15":1,"16":6,"17":6,"19":5,"20":5,"21":5,"22":5,"23":5,"24":6,"25":6,"26":6,"28":6,"29":6,"30":6,"31":6,"32":6,"33":6,"34":6,"36":6,"37":5,"39":5,"40":5},"branchMap":{"0":{"type":"branch","line":16,"loc":{"start":{"line":16,"column":11},"end":{"line":41,"column":4}},"locations":[{"start":{"line":16,"column":11},"end":{"line":41,"column":4}}]},"1":{"type":"branch","line":18,"loc":{"start":{"line":18,"column":18},"end":{"line":18,"column":49}},"locations":[{"start":{"line":18,"column":18},"end":{"line":18,"column":49}}]},"2":{"type":"branch","line":18,"loc":{"start":{"line":18,"column":48},"end":{"line":25,"column":44}},"locations":[{"start":{"line":18,"column":48},"end":{"line":25,"column":44}}]},"3":{"type":"branch","line":25,"loc":{"start":{"line":25,"column":39},"end":{"line":25,"column":49}},"locations":[{"start":{"line":25,"column":39},"end":{"line":25,"column":49}}]},"4":{"type":"branch","line":37,"loc":{"start":{"line":37,"column":75},"end":{"line":41,"column":4}},"locations":[{"start":{"line":37,"column":75},"end":{"line":41,"column":4}}]}},"b":{"0":[6],"1":[1],"2":[5],"3":[0],"4":[5]},"fnMap":{},"f":{}}
}
